<?xml version="1.0" encoding="UTF-8"?>
<testng-results skipped="15" failed="4" ignored="0" total="65" passed="46">
  <reporter-output>
    <line>
      <![CDATA[{"ExecutionTime":"2024-05-28 14:25:06.181","SeverityType":"High","ExpectedResult":"PP","ActualResult":"PP","TestData":"PP","StepName":"init","StepDescription":"测试数据准备","StepResult":"Pass"}]]>
    </line>
    <line>
      <![CDATA[{"ExecutionTime":"2024-05-28 14:25:07.222","SeverityType":"High","ExpectedResult":"200","ActualResult":"200","TestData":"15940","StepName":"TC001_createStock","StepDescription":"<BackOffice>接口创建活动","StepResult":"Pass"}]]>
    </line>
    <line>
      <![CDATA[{"ExecutionTime":"2024-05-28 14:25:16.142","SeverityType":"High","ExpectedResult":" ","ActualResult":"2405280201100002","TestData":"2405280201100002","StepName":"TC002_queryStockID","StepDescription":"<DB>查询活动Id","StepResult":"Pass"}]]>
    </line>
    <line>
      <![CDATA[{"ExecutionTime":"2024-05-28 14:25:16.557","SeverityType":"High","ExpectedResult":"200","ActualResult":"200","TestData":"86602720DF","StepName":"TC039_createPromotionPage","StepDescription":"<BackOffice>营销页接口创建活动","StepResult":"Pass"}]]>
    </line>
    <line>
      <![CDATA[{"ExecutionTime":"2024-05-28 14:25:16.946","SeverityType":"High","ExpectedResult":"200","ActualResult":"200","TestData":"200","StepName":"TC040_promotionInfo","StepDescription":"<BackOffice>营销信息页接口创建活动","StepResult":"Pass"}]]>
    </line>
    <line>
      <![CDATA[{"ExecutionTime":"2024-05-28 14:25:16.947","SeverityType":"High","ExpectedResult":"true","ActualResult":"true","TestData":"true","StepName":"TC040_promotionInfo","StepDescription":"<BackOffice>营销页信息返回活动状态claimable-True","StepResult":"Pass"}]]>
    </line>
    <line>
      <![CDATA[{"ExecutionTime":"2024-05-28 14:25:17.331","SeverityType":"High","ExpectedResult":"CREATED","ActualResult":"CREATED","TestData":"CREATED","StepName":"TC003_getStockInitialStatus","StepDescription":"<BackOffice>校验ActivitiesDetail接口查询活动状态-CREATED","StepResult":"Pass"}]]>
    </line>
    <line>
      <![CDATA[{"ExecutionTime":"2024-05-28 14:25:25.398","SeverityType":"High","ExpectedResult":"CREATED","ActualResult":"CREATED","TestData":"CREATED","StepName":"TC041_getStockInitialStatus","StepDescription":"<DB>校验ActivitiesDetail接口查询活动状态-CREATED","StepResult":"Pass"}]]>
    </line>
    <line>
      <![CDATA[{"ExecutionTime":"2024-05-28 14:25:33.576","SeverityType":"High","ExpectedResult":" ","ActualResult":"1354","TestData":"1354","StepName":"TC004_queryFlowID","StepDescription":"<DB>查询待办任务Id","StepResult":"Pass"}]]>
    </line>
    <line>
      <![CDATA[{"ExecutionTime":"2024-05-28 14:25:46.691","SeverityType":"High","TestData":"null","StepName":"TC005_queryApproveStatus","StepDescription":"<DB>校验未审核待办任务MANAGER_AUDIT的approve_result初始值","StepResult":"Pass"}]]>
    </line>
    <line>
      <![CDATA[{"ExecutionTime":"2024-05-28 14:25:46.692","SeverityType":"High","ExpectedResult":"1","ActualResult":"1","TestData":"1","StepName":"TC005_queryApproveStatus","StepDescription":"<DB>校验未审核待办任务MANAGER_AUDIT的status初始值","StepResult":"Pass"}]]>
    </line>
    <line>
      <![CDATA[{"ExecutionTime":"2024-05-28 14:25:47.098","SeverityType":"High","ExpectedResult":"200","ActualResult":"200","TestData":"200","StepName":"TC006_managerAuditTask","StepDescription":"<BackOffice>校验Manger_Audit审核成功","StepResult":"Pass"}]]>
    </line>
    <line>
      <![CDATA[{"ExecutionTime":"2024-05-28 14:25:57.847","SeverityType":"High","ExpectedResult":"1","ActualResult":"1","TestData":"1","StepName":"TC007_queryManagerAuditApproveStatus","StepDescription":"<DB>校验Manger_Audit审核后的approve_result值","StepResult":"Pass"}]]>
    </line>
    <line>
      <![CDATA[{"ExecutionTime":"2024-05-28 14:25:57.847","SeverityType":"High","ExpectedResult":"2","ActualResult":"2","TestData":"2","StepName":"TC007_queryManagerAuditApproveStatus","StepDescription":"<DB>校验Manger_Audit审核后的status值","StepResult":"Pass"}]]>
    </line>
    <line>
      <![CDATA[{"ExecutionTime":"2024-05-28 14:25:57.847","SeverityType":"High","ExpectedResult":"auto script approve for level 1","ActualResult":"auto script approve for level 1","TestData":" ","StepName":"TC007_queryManagerAuditApproveStatus","StepDescription":"<DB>校验Manger_Audit审核后的introduce值","StepResult":"Pass"}]]>
    </line>
    <line>
      <![CDATA[{"ExecutionTime":"2024-05-28 14:26:05.965","SeverityType":"High","StepName":"TC007_queryManagerAuditApproveStatus","StepDescription":"<DB>校验BU_Audit的初始approve_result初始值","StepResult":"Pass"}]]>
    </line>
    <line>
      <![CDATA[{"ExecutionTime":"2024-05-28 14:26:05.965","SeverityType":"High","ExpectedResult":"1","ActualResult":"1","TestData":"1","StepName":"TC007_queryManagerAuditApproveStatus","StepDescription":"<DB>校验BU_Audit的status初始值","StepResult":"Pass"}]]>
    </line>
    <line>
      <![CDATA[{"ExecutionTime":"2024-05-28 14:26:06.398","SeverityType":"High","ExpectedResult":"200","ActualResult":"200","TestData":"200","StepName":"TC007_queryManagerAuditApproveStatus","StepDescription":"<BackOffice>校验auditTask接口BU_Audit审核成功","StepResult":"Pass"}]]>
    </line>
    <line>
      <![CDATA[{"ExecutionTime":"2024-05-28 14:26:07.422","SeverityType":"High","ExpectedResult":"true","ActualResult":"true","TestData":" ","StepName":"TC009_queryMPMUserCoupon","StepDescription":"<Facade>校验未生效活动在queryUserCoupon接口不展示","StepResult":"Pass"}]]>
    </line>
    <line>
      <![CDATA[{"ExecutionTime":"2024-05-28 14:26:08.036","SeverityType":"High","ExpectedResult":"true","ActualResult":"true","TestData":" ","StepName":"TC010_MPMUserAvailableCoupon","StepDescription":"<Facade>校验未生效活动在userAvailableCoupon接口不展示","StepResult":"Pass"}]]>
    </line>
    <line>
      <![CDATA[{"ExecutionTime":"2024-05-28 14:26:08.773","SeverityType":"High","ExpectedResult":"true","ActualResult":"true","TestData":" ","StepName":"TC033_H5DistributeChannel","StepDescription":"<Facade>校验未生效活动在activityPageAvailableCoupons接口不展示","StepResult":"Pass"}]]>
    </line>
    <line>
      <![CDATA[{"ExecutionTime":"2024-05-28 14:26:09.400","SeverityType":"High","ExpectedResult":"true","ActualResult":"true","TestData":" ","StepName":"TC033_queryDCNUserCoupon","StepDescription":"<Facade>校验未生效活动在queryUserCoupon接口不展示","StepResult":"Pass"}]]>
    </line>
    <line>
      <![CDATA[{"ExecutionTime":"2024-05-28 14:26:10.071","SeverityType":"High","ExpectedResult":"true","ActualResult":"true","TestData":" ","StepName":"TC034_DCNUserAvailableCoupon","StepDescription":"<Facade>校验未生效活动在userAvailableCoupon接口不展示","StepResult":"Pass"}]]>
    </line>
    <line>
      <![CDATA[{"ExecutionTime":"2024-05-28 14:26:10.715","SeverityType":"High","ExpectedResult":"批次无效或暂未开始","ActualResult":"批次无效或暂未开始","TestData":"批次无效或暂未开始","StepName":"TC011_loggedUserReceiveCoupon","StepDescription":"<Facade>校验未生效活动在loggedUserReceiveCoupon接口领券失败","StepResult":"Pass"}]]>
    </line>
    <line>
      <![CDATA[{"ExecutionTime":"2024-05-28 14:27:21.104","SeverityType":"High","ExpectedResult":"APPROVED","ActualResult":"APPROVED","TestData":"APPROVED","StepName":"TC012_getStockApproveStatus","StepDescription":"<BackOffice>校验线上全场券状态-已审核","StepResult":"Pass"}]]>
    </line>
    <line>
      <![CDATA[{"ExecutionTime":"2024-05-28 14:27:49.677","SeverityType":"High","ExpectedResult":"APPROVED","ActualResult":"APPROVED","TestData":"APPROVED","StepName":"TC042_getStockApproveStatus","StepDescription":"<DB>校验线上全场券状态-已审核","StepResult":"Pass"}]]>
    </line>
    <line>
      <![CDATA[{"ExecutionTime":"2024-05-28 14:27:57.372","SeverityType":"High","ExpectedResult":"1","ActualResult":"1","TestData":"1","StepName":"TC013_queryBUAuditApproveStatus","StepDescription":"<DB>校验BU待办任务的approve_result值","StepResult":"Pass"}]]>
    </line>
    <line>
      <![CDATA[{"ExecutionTime":"2024-05-28 14:27:57.372","SeverityType":"High","ExpectedResult":"2","ActualResult":"2","TestData":"2","StepName":"TC013_queryBUAuditApproveStatus","StepDescription":"<DB>校验BU待办任务的status值","StepResult":"Pass"}]]>
    </line>
    <line>
      <![CDATA[{"ExecutionTime":"2024-05-28 14:27:57.372","SeverityType":"High","ExpectedResult":"auto script approve for level 2","ActualResult":"auto script approve for level 2","TestData":"auto script approve for level 2","StepName":"TC013_queryBUAuditApproveStatus","StepDescription":"<DB>校验BU待办任务的introduce值","StepResult":"Pass"}]]>
    </line>
    <line>
      <![CDATA[{"ExecutionTime":"2024-05-28 14:30:57.822","SeverityType":"High","ExpectedResult":"ACTIVE","ActualResult":"ACTIVE","TestData":"ACTIVE","StepName":"TC014_getStockActiveStatus","StepDescription":"<BackOffice>校验全场券状态-生效中","StepResult":"Pass"}]]>
    </line>
    <line>
      <![CDATA[{"ExecutionTime":"2024-05-28 14:31:05.685","SeverityType":"High","ExpectedResult":"ACTIVE","ActualResult":"ACTIVE","TestData":"ACTIVE","StepName":"TC043_getStockActiveStatus","StepDescription":"<BackOffice>校验全场券状态-生效中","StepResult":"Pass"}]]>
    </line>
    <line>
      <![CDATA[{"ExecutionTime":"2024-05-28 14:31:06.491","SeverityType":"High","ExpectedResult":"true","ActualResult":"true","TestData":" ","StepName":"TC034_H5DistributeChannel","StepDescription":"<Facade>校验生效活动在H5activityPageAvailableCoupons接口展示","StepResult":"Pass"}]]>
    </line>
    <line>
      <![CDATA[{"ExecutionTime":"2024-05-28 14:31:06.491","SeverityType":"High","ExpectedResult":"UNCLAIMED","ActualResult":"UNCLAIMED","TestData":"UNCLAIMED","StepName":"TC034_H5DistributeChannel","StepDescription":"<Facade>校验H5生效活动券初始状态-UNCLAIMED","StepResult":"Pass"}]]>
    </line>
    <line>
      <![CDATA[{"ExecutionTime":"2024-05-28 14:31:07.317","SeverityType":"High","ExpectedResult":"false","ActualResult":"false","TestData":" ","StepName":"test015_MPMQueryUserCoupon","StepDescription":"<Facade>校验生效活动在queryUserCoupon接口不展示","StepResult":"Pass"}]]>
    </line>
    <line>
      <![CDATA[{"ExecutionTime":"2024-05-28 14:32:08.239","SeverityType":"High","ExpectedResult":"true","ActualResult":"false","TestData":"AVAILABLE","StepName":"test016_MPMUserAvailableCoupon","StepDescription":"<Facade>校验userAvailableCoupon接口券状态-AVAILABLE","StepResult":"Failed"}]]>
    </line>
    <line>
      <![CDATA[{"ExecutionTime":"2024-05-28 14:32:09.010","SeverityType":"High","ExpectedResult":"false","ActualResult":"false","TestData":" ","StepName":"test035_DCNQueryUserCoupon","StepDescription":"<Facade>校验生效活动在queryUserCoupon接口不展示","StepResult":"Pass"}]]>
    </line>
    <line>
      <![CDATA[{"ExecutionTime":"2024-05-28 14:32:19.672","SeverityType":"High","ExpectedResult":"true","ActualResult":"true","TestData":" ","StepName":"test036_DCNUserAvailableCoupon","StepDescription":"<Facade>校验生效活动在userAvailableCoupon展示","StepResult":"Pass"}]]>
    </line>
    <line>
      <![CDATA[{"ExecutionTime":"2024-05-28 14:32:20.331","SeverityType":"High","ExpectedResult":"201","ActualResult":"201","TestData":"2405280206430000034e","StepName":"test017_loggedUserReceiveCoupon","StepDescription":"<Facade>校验loggedUserReceiveCoupon接口领券成功","StepResult":"Pass"}]]>
    </line>
    <line>
      <![CDATA[{"ExecutionTime":"2024-05-28 14:32:20.971","SeverityType":"High","ExpectedResult":"AVAILABLE","ActualResult":"AVAILABLE","TestData":"AVAILABLE","StepName":"TC035_H5DistributeChannel","StepDescription":"<Facade>校验H5生效活动券状态-AVAILABLE","StepResult":"Pass"}]]>
    </line>
    <line>
      <![CDATA[{"ExecutionTime":"2024-05-28 14:32:21.792","SeverityType":"High","ExpectedResult":"true","ActualResult":"true","TestData":"AVAILABLE","StepName":"test018_MPMQueryUserCoupon","StepDescription":"<Facade>校验queryUserCoupon接口券状态-AVAILABLE","StepResult":"Pass"}]]>
    </line>
    <line>
      <![CDATA[{"ExecutionTime":"2024-05-28 14:33:22.601","SeverityType":"High","ExpectedResult":"true","ActualResult":"false","TestData":"AVAILABLE","StepName":"test019_MPMUserAvailableCoupon","StepDescription":"<Facade>校验userAvailableCoupon接口券状态-AVAILABLE","StepResult":"Failed"}]]>
    </line>
    <line>
      <![CDATA[{"ExecutionTime":"2024-05-28 14:33:23.204","SeverityType":"High","ExpectedResult":"true","ActualResult":"true","TestData":"AVAILABLE","StepName":"test037_DCNQueryUserCoupon","StepDescription":"<Facade>校验queryUserCoupon接口券状态-AVAILABLE","StepResult":"Pass"}]]>
    </line>
    <line>
      <![CDATA[{"ExecutionTime":"2024-05-28 14:33:33.889","SeverityType":"High","ExpectedResult":"true","ActualResult":"true","TestData":"AVAILABLE","StepName":"test038_DCNUserAvailableCoupon","StepDescription":"<Facade>校验userAvailableCoupon接口券状态-AVAILABLE","StepResult":"Pass"}]]>
    </line>
    <line>
      <![CDATA[{"ExecutionTime":"2024-05-28 14:33:34.607","SeverityType":"High","ExpectedResult":"true","ActualResult":"true","TestData":"15940","StepName":"test020_plans","StepDescription":"<EP>校验plans接口返回商品促销","StepResult":"Pass"}]]>
    </line>
    <line>
      <![CDATA[{"ExecutionTime":"2024-05-28 14:33:34.989","SeverityType":"High","ExpectedResult":"true","ActualResult":"true","TestData":" ","StepName":"test021_repricing","StepDescription":"<EP>校验Repricing接口返回优惠","StepResult":"Pass"}]]>
    </line>
    <line>
      <![CDATA[{"ExecutionTime":"2024-05-28 14:33:43.418","SeverityType":"High","ExpectedResult":"FROZEN","ActualResult":"FROZEN","TestData":"cn1716878014993","StepName":"test022_applyPromotionPlans","StepDescription":"<DB>校验applyPromotionPlans后优惠券状态-FROZEN","StepResult":"Pass"}]]>
    </line>
    <line>
      <![CDATA[{"ExecutionTime":"2024-05-28 14:33:44.435","SeverityType":"High","ExpectedResult":"UNCLAIMED","ActualResult":"UNCLAIMED","TestData":"UNCLAIMED","StepName":"TC036_H5DistributeChannel","StepDescription":"<Facade>校验H5生效活动券冻结后状态-UNCLAIMED","StepResult":"Pass"}]]>
    </line>
    <line>
      <![CDATA[{"ExecutionTime":"2024-05-28 14:34:37.198","SeverityType":"High","ExpectedResult":"true","ActualResult":"true","TestData":"USED","StepName":"test023_MPMQueryUserCoupon","StepDescription":"<Facade>校验queryUserCoupon接口优惠券状态-USED","StepResult":"Pass"}]]>
    </line>
    <line>
      <![CDATA[{"ExecutionTime":"2024-05-28 14:34:37.802","SeverityType":"High","ExpectedResult":"true","ActualResult":"false","TestData":"UNCLAIMED","StepName":"test024_MPMUserAvailableCoupon","StepDescription":"<Facade>校验userAvailableCoupon优惠券状态-UNCLAIMED","StepResult":"Failed"}]]>
    </line>
    <line>
      <![CDATA[{"ExecutionTime":"2024-05-28 14:35:31.745","SeverityType":"High","ExpectedResult":"true","ActualResult":"true","TestData":"USED","StepName":"test039_DCNQueryUserCoupon","StepDescription":"<Facade>校验queryUserCoupon接口优惠券状态-USED","StepResult":"Pass"}]]>
    </line>
    <line>
      <![CDATA[{"ExecutionTime":"2024-05-28 14:35:32.419","SeverityType":"High","ExpectedResult":"true","ActualResult":"true","TestData":"UNCLAIMED","StepName":"test040_DCNUserAvailableCoupon","StepDescription":"<Facade>校验userAvailableCoupon优惠券状态-UNCLAIMED","StepResult":"Pass"}]]>
    </line>
    <line>
      <![CDATA[{"ExecutionTime":"2024-05-28 14:35:32.847","SeverityType":"High","ExpectedResult":"200","ActualResult":"200","TestData":"200","StepName":"test025_promotionDetails_001","StepDescription":"<EP>校验promotionDetails接口状态","StepResult":"Pass"}]]>
    </line>
    <line>
      <![CDATA[{"ExecutionTime":"2024-05-28 14:35:32.872","SeverityType":"High","ExpectedResult":"FACADE","ActualResult":"WEBPOS","TestData":"WEBPOS","StepName":"test025_promotionDetails_002","StepDescription":"<EP>校验OrderPromotion中order_source的值","StepResult":"Failed"}]]>
    </line>
    <line>
      <![CDATA[{"ExecutionTime":"2024-05-28 14:35:32.873","SeverityType":"High","ExpectedResult":"15005083203","ActualResult":"15005083203","TestData":"15005083203","StepName":"test025_promotionDetails_002","StepDescription":"<EP>校验OrderPromotion中person_id的值","StepResult":"Pass"}]]>
    </line>
    <line>
      <![CDATA[{"ExecutionTime":"2024-05-28 14:35:32.873","SeverityType":"High","ExpectedResult":"519.70","ActualResult":"519.70","TestData":"519.70","StepName":"test025_promotionDetails_002","StepDescription":"<EP>校验OrderPromotion中total_price的值","StepResult":"Pass"}]]>
    </line>
    <line>
      <![CDATA[{"ExecutionTime":"2024-05-28 14:35:32.873","SeverityType":"High","ExpectedResult":"5.00","ActualResult":"5.00","TestData":"5.00","StepName":"test025_promotionDetails_002","StepDescription":"<EP>校验OrderPromotion中coupon_discount_amount的值","StepResult":"Pass"}]]>
    </line>
    <line>
      <![CDATA[{"ExecutionTime":"2024-05-28 14:35:32.874","SeverityType":"High","ExpectedResult":"100.00","ActualResult":"100.00","TestData":"100.00","StepName":"test025_promotionDetails_002","StepDescription":"<EP>校验OrderPromotion中product_discount_amount的值","StepResult":"Pass"}]]>
    </line>
    <line>
      <![CDATA[{"ExecutionTime":"2024-05-28 14:35:32.874","SeverityType":"High","StepName":"test025_promotionDetails_002","StepDescription":"<EP>校验OrderPromotion中shipping_fee的值","StepResult":"Pass"}]]>
    </line>
    <line>
      <![CDATA[{"ExecutionTime":"2024-05-28 14:35:32.874","SeverityType":"High","ExpectedResult":"414.70","ActualResult":"414.70","TestData":"414.70","StepName":"test025_promotionDetails_002","StepDescription":"<EP>校验OrderPromotion中actual_amount的值","StepResult":"Pass"}]]>
    </line>
  </reporter-output>
  <suite name="Promotion" duration-ms="627072" started-at="2024-05-28T06:25:06Z" finished-at="2024-05-28T06:35:33Z">
    <groups>
    </groups>
    <test name="Easy Promotion Regression" duration-ms="627017" started-at="2024-05-28T06:25:06Z" finished-at="2024-05-28T06:35:33Z">
      <class name="EasyPromo.OmniCoupon_DistributeChannelOmni_UseChannelMPM">
        <test-method status="PASS" signature="init(java.lang.String)[pri:0, instance:EasyPromo.OmniCoupon_DistributeChannelOmni_UseChannelMPM@5d5eef3d]" name="init" duration-ms="148" started-at="2024-05-28T06:25:06Z" finished-at="2024-05-28T06:25:06Z">
          <params>
            <param index="0">
              <value>
                <![CDATA[PP]]>
              </value>
            </param>
          </params>
          <reporter-output>
            <line>
              <![CDATA[{"ExecutionTime":"2024-05-28 14:25:06.181","SeverityType":"High","ExpectedResult":"PP","ActualResult":"PP","TestData":"PP","StepName":"init","StepDescription":"测试数据准备","StepResult":"Pass"}]]>
            </line>
          </reporter-output>
        </test-method> <!-- init -->
        <test-method status="PASS" signature="TC001_createStock()[pri:0, instance:EasyPromo.OmniCoupon_DistributeChannelOmni_UseChannelMPM@5d5eef3d]" name="TC001_createStock" duration-ms="1022" started-at="2024-05-28T06:25:06Z" depends-on-methods="EasyPromo.OmniCoupon_DistributeChannelOmni_UseChannelMPM.init" finished-at="2024-05-28T06:25:07Z">
          <reporter-output>
            <line>
              <![CDATA[{"ExecutionTime":"2024-05-28 14:25:07.222","SeverityType":"High","ExpectedResult":"200","ActualResult":"200","TestData":"15940","StepName":"TC001_createStock","StepDescription":"<BackOffice>接口创建活动","StepResult":"Pass"}]]>
            </line>
          </reporter-output>
        </test-method> <!-- TC001_createStock -->
        <test-method status="PASS" signature="TC002_queryStockID()[pri:0, instance:EasyPromo.OmniCoupon_DistributeChannelOmni_UseChannelMPM@5d5eef3d]" name="TC002_queryStockID" duration-ms="8919" started-at="2024-05-28T06:25:07Z" depends-on-methods="EasyPromo.OmniCoupon_DistributeChannelOmni_UseChannelMPM.TC001_createStock" finished-at="2024-05-28T06:25:16Z">
          <reporter-output>
            <line>
              <![CDATA[{"ExecutionTime":"2024-05-28 14:25:16.142","SeverityType":"High","ExpectedResult":" ","ActualResult":"2405280201100002","TestData":"2405280201100002","StepName":"TC002_queryStockID","StepDescription":"<DB>查询活动Id","StepResult":"Pass"}]]>
            </line>
          </reporter-output>
        </test-method> <!-- TC002_queryStockID -->
        <test-method status="PASS" signature="TC039_createPromotionPage()[pri:0, instance:EasyPromo.OmniCoupon_DistributeChannelOmni_UseChannelMPM@5d5eef3d]" name="TC039_createPromotionPage" duration-ms="413" started-at="2024-05-28T06:25:16Z" depends-on-methods="EasyPromo.OmniCoupon_DistributeChannelOmni_UseChannelMPM.TC002_queryStockID" finished-at="2024-05-28T06:25:16Z">
          <reporter-output>
            <line>
              <![CDATA[{"ExecutionTime":"2024-05-28 14:25:16.557","SeverityType":"High","ExpectedResult":"200","ActualResult":"200","TestData":"86602720DF","StepName":"TC039_createPromotionPage","StepDescription":"<BackOffice>营销页接口创建活动","StepResult":"Pass"}]]>
            </line>
          </reporter-output>
        </test-method> <!-- TC039_createPromotionPage -->
        <test-method status="PASS" signature="TC040_promotionInfo()[pri:0, instance:EasyPromo.OmniCoupon_DistributeChannelOmni_UseChannelMPM@5d5eef3d]" name="TC040_promotionInfo" duration-ms="389" started-at="2024-05-28T06:25:16Z" depends-on-methods="EasyPromo.OmniCoupon_DistributeChannelOmni_UseChannelMPM.TC039_createPromotionPage" finished-at="2024-05-28T06:25:16Z">
          <reporter-output>
            <line>
              <![CDATA[{"ExecutionTime":"2024-05-28 14:25:16.946","SeverityType":"High","ExpectedResult":"200","ActualResult":"200","TestData":"200","StepName":"TC040_promotionInfo","StepDescription":"<BackOffice>营销信息页接口创建活动","StepResult":"Pass"}]]>
            </line>
            <line>
              <![CDATA[{"ExecutionTime":"2024-05-28 14:25:16.947","SeverityType":"High","ExpectedResult":"true","ActualResult":"true","TestData":"true","StepName":"TC040_promotionInfo","StepDescription":"<BackOffice>营销页信息返回活动状态claimable-True","StepResult":"Pass"}]]>
            </line>
          </reporter-output>
        </test-method> <!-- TC040_promotionInfo -->
        <test-method status="PASS" signature="TC003_getStockInitialStatus()[pri:0, instance:EasyPromo.OmniCoupon_DistributeChannelOmni_UseChannelMPM@5d5eef3d]" name="TC003_getStockInitialStatus" duration-ms="382" started-at="2024-05-28T06:25:16Z" depends-on-methods="EasyPromo.OmniCoupon_DistributeChannelOmni_UseChannelMPM.TC040_promotionInfo" finished-at="2024-05-28T06:25:17Z">
          <reporter-output>
            <line>
              <![CDATA[{"ExecutionTime":"2024-05-28 14:25:17.331","SeverityType":"High","ExpectedResult":"CREATED","ActualResult":"CREATED","TestData":"CREATED","StepName":"TC003_getStockInitialStatus","StepDescription":"<BackOffice>校验ActivitiesDetail接口查询活动状态-CREATED","StepResult":"Pass"}]]>
            </line>
          </reporter-output>
        </test-method> <!-- TC003_getStockInitialStatus -->
        <test-method status="PASS" signature="TC041_getStockInitialStatus()[pri:0, instance:EasyPromo.OmniCoupon_DistributeChannelOmni_UseChannelMPM@5d5eef3d]" name="TC041_getStockInitialStatus" duration-ms="8067" started-at="2024-05-28T06:25:17Z" depends-on-methods="EasyPromo.OmniCoupon_DistributeChannelOmni_UseChannelMPM.TC040_promotionInfo" finished-at="2024-05-28T06:25:25Z">
          <reporter-output>
            <line>
              <![CDATA[{"ExecutionTime":"2024-05-28 14:25:25.398","SeverityType":"High","ExpectedResult":"CREATED","ActualResult":"CREATED","TestData":"CREATED","StepName":"TC041_getStockInitialStatus","StepDescription":"<DB>校验ActivitiesDetail接口查询活动状态-CREATED","StepResult":"Pass"}]]>
            </line>
          </reporter-output>
        </test-method> <!-- TC041_getStockInitialStatus -->
        <test-method status="PASS" signature="TC004_queryFlowID()[pri:0, instance:EasyPromo.OmniCoupon_DistributeChannelOmni_UseChannelMPM@5d5eef3d]" name="TC004_queryFlowID" duration-ms="8177" started-at="2024-05-28T06:25:25Z" depends-on-methods="EasyPromo.OmniCoupon_DistributeChannelOmni_UseChannelMPM.TC041_getStockInitialStatus" finished-at="2024-05-28T06:25:33Z">
          <reporter-output>
            <line>
              <![CDATA[{"ExecutionTime":"2024-05-28 14:25:33.576","SeverityType":"High","ExpectedResult":" ","ActualResult":"1354","TestData":"1354","StepName":"TC004_queryFlowID","StepDescription":"<DB>查询待办任务Id","StepResult":"Pass"}]]>
            </line>
          </reporter-output>
        </test-method> <!-- TC004_queryFlowID -->
        <test-method status="PASS" signature="TC005_queryApproveStatus()[pri:0, instance:EasyPromo.OmniCoupon_DistributeChannelOmni_UseChannelMPM@5d5eef3d]" name="TC005_queryApproveStatus" duration-ms="13115" started-at="2024-05-28T06:25:33Z" depends-on-methods="EasyPromo.OmniCoupon_DistributeChannelOmni_UseChannelMPM.TC004_queryFlowID" finished-at="2024-05-28T06:25:46Z">
          <reporter-output>
            <line>
              <![CDATA[{"ExecutionTime":"2024-05-28 14:25:46.691","SeverityType":"High","TestData":"null","StepName":"TC005_queryApproveStatus","StepDescription":"<DB>校验未审核待办任务MANAGER_AUDIT的approve_result初始值","StepResult":"Pass"}]]>
            </line>
            <line>
              <![CDATA[{"ExecutionTime":"2024-05-28 14:25:46.692","SeverityType":"High","ExpectedResult":"1","ActualResult":"1","TestData":"1","StepName":"TC005_queryApproveStatus","StepDescription":"<DB>校验未审核待办任务MANAGER_AUDIT的status初始值","StepResult":"Pass"}]]>
            </line>
          </reporter-output>
        </test-method> <!-- TC005_queryApproveStatus -->
        <test-method status="PASS" signature="TC006_managerAuditTask()[pri:0, instance:EasyPromo.OmniCoupon_DistributeChannelOmni_UseChannelMPM@5d5eef3d]" name="TC006_managerAuditTask" duration-ms="407" started-at="2024-05-28T06:25:46Z" depends-on-methods="EasyPromo.OmniCoupon_DistributeChannelOmni_UseChannelMPM.TC005_queryApproveStatus" finished-at="2024-05-28T06:25:47Z">
          <reporter-output>
            <line>
              <![CDATA[{"ExecutionTime":"2024-05-28 14:25:47.098","SeverityType":"High","ExpectedResult":"200","ActualResult":"200","TestData":"200","StepName":"TC006_managerAuditTask","StepDescription":"<BackOffice>校验Manger_Audit审核成功","StepResult":"Pass"}]]>
            </line>
          </reporter-output>
        </test-method> <!-- TC006_managerAuditTask -->
        <test-method status="PASS" signature="TC007_queryManagerAuditApproveStatus()[pri:0, instance:EasyPromo.OmniCoupon_DistributeChannelOmni_UseChannelMPM@5d5eef3d]" name="TC007_queryManagerAuditApproveStatus" duration-ms="18865" started-at="2024-05-28T06:25:47Z" depends-on-methods="EasyPromo.OmniCoupon_DistributeChannelOmni_UseChannelMPM.TC006_managerAuditTask" finished-at="2024-05-28T06:26:05Z">
          <reporter-output>
            <line>
              <![CDATA[{"ExecutionTime":"2024-05-28 14:25:57.847","SeverityType":"High","ExpectedResult":"1","ActualResult":"1","TestData":"1","StepName":"TC007_queryManagerAuditApproveStatus","StepDescription":"<DB>校验Manger_Audit审核后的approve_result值","StepResult":"Pass"}]]>
            </line>
            <line>
              <![CDATA[{"ExecutionTime":"2024-05-28 14:25:57.847","SeverityType":"High","ExpectedResult":"2","ActualResult":"2","TestData":"2","StepName":"TC007_queryManagerAuditApproveStatus","StepDescription":"<DB>校验Manger_Audit审核后的status值","StepResult":"Pass"}]]>
            </line>
            <line>
              <![CDATA[{"ExecutionTime":"2024-05-28 14:25:57.847","SeverityType":"High","ExpectedResult":"auto script approve for level 1","ActualResult":"auto script approve for level 1","TestData":" ","StepName":"TC007_queryManagerAuditApproveStatus","StepDescription":"<DB>校验Manger_Audit审核后的introduce值","StepResult":"Pass"}]]>
            </line>
            <line>
              <![CDATA[{"ExecutionTime":"2024-05-28 14:26:05.965","SeverityType":"High","StepName":"TC007_queryManagerAuditApproveStatus","StepDescription":"<DB>校验BU_Audit的初始approve_result初始值","StepResult":"Pass"}]]>
            </line>
            <line>
              <![CDATA[{"ExecutionTime":"2024-05-28 14:26:05.965","SeverityType":"High","ExpectedResult":"1","ActualResult":"1","TestData":"1","StepName":"TC007_queryManagerAuditApproveStatus","StepDescription":"<DB>校验BU_Audit的status初始值","StepResult":"Pass"}]]>
            </line>
          </reporter-output>
        </test-method> <!-- TC007_queryManagerAuditApproveStatus -->
        <test-method status="PASS" signature="TC008_BUAuditTask()[pri:0, instance:EasyPromo.OmniCoupon_DistributeChannelOmni_UseChannelMPM@5d5eef3d]" name="TC008_BUAuditTask" duration-ms="433" started-at="2024-05-28T06:26:05Z" depends-on-methods="EasyPromo.OmniCoupon_DistributeChannelOmni_UseChannelMPM.TC007_queryManagerAuditApproveStatus" finished-at="2024-05-28T06:26:06Z">
          <reporter-output>
            <line>
              <![CDATA[{"ExecutionTime":"2024-05-28 14:26:06.398","SeverityType":"High","ExpectedResult":"200","ActualResult":"200","TestData":"200","StepName":"TC007_queryManagerAuditApproveStatus","StepDescription":"<BackOffice>校验auditTask接口BU_Audit审核成功","StepResult":"Pass"}]]>
            </line>
          </reporter-output>
        </test-method> <!-- TC008_BUAuditTask -->
        <test-method status="PASS" signature="TC009_queryMPMUserCoupon()[pri:0, instance:EasyPromo.OmniCoupon_DistributeChannelOmni_UseChannelMPM@5d5eef3d]" name="TC009_queryMPMUserCoupon" duration-ms="1023" started-at="2024-05-28T06:26:06Z" depends-on-methods="EasyPromo.OmniCoupon_DistributeChannelOmni_UseChannelMPM.TC008_BUAuditTask" finished-at="2024-05-28T06:26:07Z">
          <reporter-output>
            <line>
              <![CDATA[{"ExecutionTime":"2024-05-28 14:26:07.422","SeverityType":"High","ExpectedResult":"true","ActualResult":"true","TestData":" ","StepName":"TC009_queryMPMUserCoupon","StepDescription":"<Facade>校验未生效活动在queryUserCoupon接口不展示","StepResult":"Pass"}]]>
            </line>
          </reporter-output>
        </test-method> <!-- TC009_queryMPMUserCoupon -->
        <test-method status="PASS" signature="TC010_MPMUserAvailableCoupon()[pri:0, instance:EasyPromo.OmniCoupon_DistributeChannelOmni_UseChannelMPM@5d5eef3d]" name="TC010_MPMUserAvailableCoupon" duration-ms="614" started-at="2024-05-28T06:26:07Z" depends-on-methods="EasyPromo.OmniCoupon_DistributeChannelOmni_UseChannelMPM.TC008_BUAuditTask" finished-at="2024-05-28T06:26:08Z">
          <reporter-output>
            <line>
              <![CDATA[{"ExecutionTime":"2024-05-28 14:26:08.036","SeverityType":"High","ExpectedResult":"true","ActualResult":"true","TestData":" ","StepName":"TC010_MPMUserAvailableCoupon","StepDescription":"<Facade>校验未生效活动在userAvailableCoupon接口不展示","StepResult":"Pass"}]]>
            </line>
          </reporter-output>
        </test-method> <!-- TC010_MPMUserAvailableCoupon -->
        <test-method status="PASS" signature="TC033_H5DistributeChannel()[pri:0, instance:EasyPromo.OmniCoupon_DistributeChannelOmni_UseChannelMPM@5d5eef3d]" name="TC033_H5DistributeChannel" duration-ms="736" started-at="2024-05-28T06:26:08Z" depends-on-methods="EasyPromo.OmniCoupon_DistributeChannelOmni_UseChannelMPM.TC008_BUAuditTask" finished-at="2024-05-28T06:26:08Z">
          <reporter-output>
            <line>
              <![CDATA[{"ExecutionTime":"2024-05-28 14:26:08.773","SeverityType":"High","ExpectedResult":"true","ActualResult":"true","TestData":" ","StepName":"TC033_H5DistributeChannel","StepDescription":"<Facade>校验未生效活动在activityPageAvailableCoupons接口不展示","StepResult":"Pass"}]]>
            </line>
          </reporter-output>
        </test-method> <!-- TC033_H5DistributeChannel -->
        <test-method status="PASS" signature="TC033_queryDCNUserCoupon()[pri:0, instance:EasyPromo.OmniCoupon_DistributeChannelOmni_UseChannelMPM@5d5eef3d]" name="TC033_queryDCNUserCoupon" duration-ms="627" started-at="2024-05-28T06:26:08Z" depends-on-methods="EasyPromo.OmniCoupon_DistributeChannelOmni_UseChannelMPM.TC008_BUAuditTask" finished-at="2024-05-28T06:26:09Z">
          <reporter-output>
            <line>
              <![CDATA[{"ExecutionTime":"2024-05-28 14:26:09.400","SeverityType":"High","ExpectedResult":"true","ActualResult":"true","TestData":" ","StepName":"TC033_queryDCNUserCoupon","StepDescription":"<Facade>校验未生效活动在queryUserCoupon接口不展示","StepResult":"Pass"}]]>
            </line>
          </reporter-output>
        </test-method> <!-- TC033_queryDCNUserCoupon -->
        <test-method status="PASS" signature="TC034_DCNUserAvailableCoupon()[pri:0, instance:EasyPromo.OmniCoupon_DistributeChannelOmni_UseChannelMPM@5d5eef3d]" name="TC034_DCNUserAvailableCoupon" duration-ms="671" started-at="2024-05-28T06:26:09Z" depends-on-methods="EasyPromo.OmniCoupon_DistributeChannelOmni_UseChannelMPM.TC008_BUAuditTask" finished-at="2024-05-28T06:26:10Z">
          <reporter-output>
            <line>
              <![CDATA[{"ExecutionTime":"2024-05-28 14:26:10.071","SeverityType":"High","ExpectedResult":"true","ActualResult":"true","TestData":" ","StepName":"TC034_DCNUserAvailableCoupon","StepDescription":"<Facade>校验未生效活动在userAvailableCoupon接口不展示","StepResult":"Pass"}]]>
            </line>
          </reporter-output>
        </test-method> <!-- TC034_DCNUserAvailableCoupon -->
        <test-method status="PASS" signature="TC011_loggedUserReceiveCoupon()[pri:0, instance:EasyPromo.OmniCoupon_DistributeChannelOmni_UseChannelMPM@5d5eef3d]" name="TC011_loggedUserReceiveCoupon" duration-ms="643" started-at="2024-05-28T06:26:10Z" depends-on-methods="EasyPromo.OmniCoupon_DistributeChannelOmni_UseChannelMPM.TC033_H5DistributeChannel" finished-at="2024-05-28T06:26:10Z">
          <reporter-output>
            <line>
              <![CDATA[{"ExecutionTime":"2024-05-28 14:26:10.715","SeverityType":"High","ExpectedResult":"批次无效或暂未开始","ActualResult":"批次无效或暂未开始","TestData":"批次无效或暂未开始","StepName":"TC011_loggedUserReceiveCoupon","StepDescription":"<Facade>校验未生效活动在loggedUserReceiveCoupon接口领券失败","StepResult":"Pass"}]]>
            </line>
          </reporter-output>
        </test-method> <!-- TC011_loggedUserReceiveCoupon -->
        <test-method status="PASS" signature="TC012_getStockApproveStatus()[pri:0, instance:EasyPromo.OmniCoupon_DistributeChannelOmni_UseChannelMPM@5d5eef3d]" name="TC012_getStockApproveStatus" duration-ms="70388" started-at="2024-05-28T06:26:10Z" depends-on-methods="EasyPromo.OmniCoupon_DistributeChannelOmni_UseChannelMPM.TC011_loggedUserReceiveCoupon" finished-at="2024-05-28T06:27:21Z">
          <reporter-output>
            <line>
              <![CDATA[{"ExecutionTime":"2024-05-28 14:27:21.104","SeverityType":"High","ExpectedResult":"APPROVED","ActualResult":"APPROVED","TestData":"APPROVED","StepName":"TC012_getStockApproveStatus","StepDescription":"<BackOffice>校验线上全场券状态-已审核","StepResult":"Pass"}]]>
            </line>
          </reporter-output>
        </test-method> <!-- TC012_getStockApproveStatus -->
        <test-method status="PASS" signature="TC042_getStockApproveStatus()[pri:0, instance:EasyPromo.OmniCoupon_DistributeChannelOmni_UseChannelMPM@5d5eef3d]" name="TC042_getStockApproveStatus" duration-ms="28572" started-at="2024-05-28T06:27:21Z" depends-on-methods="EasyPromo.OmniCoupon_DistributeChannelOmni_UseChannelMPM.TC011_loggedUserReceiveCoupon" finished-at="2024-05-28T06:27:49Z">
          <reporter-output>
            <line>
              <![CDATA[{"ExecutionTime":"2024-05-28 14:27:49.677","SeverityType":"High","ExpectedResult":"APPROVED","ActualResult":"APPROVED","TestData":"APPROVED","StepName":"TC042_getStockApproveStatus","StepDescription":"<DB>校验线上全场券状态-已审核","StepResult":"Pass"}]]>
            </line>
          </reporter-output>
        </test-method> <!-- TC042_getStockApproveStatus -->
        <test-method status="PASS" signature="TC013_queryBUAuditApproveStatus()[pri:0, instance:EasyPromo.OmniCoupon_DistributeChannelOmni_UseChannelMPM@5d5eef3d]" name="TC013_queryBUAuditApproveStatus" duration-ms="7694" started-at="2024-05-28T06:27:49Z" depends-on-methods="EasyPromo.OmniCoupon_DistributeChannelOmni_UseChannelMPM.TC042_getStockApproveStatus" finished-at="2024-05-28T06:27:57Z">
          <reporter-output>
            <line>
              <![CDATA[{"ExecutionTime":"2024-05-28 14:27:57.372","SeverityType":"High","ExpectedResult":"1","ActualResult":"1","TestData":"1","StepName":"TC013_queryBUAuditApproveStatus","StepDescription":"<DB>校验BU待办任务的approve_result值","StepResult":"Pass"}]]>
            </line>
            <line>
              <![CDATA[{"ExecutionTime":"2024-05-28 14:27:57.372","SeverityType":"High","ExpectedResult":"2","ActualResult":"2","TestData":"2","StepName":"TC013_queryBUAuditApproveStatus","StepDescription":"<DB>校验BU待办任务的status值","StepResult":"Pass"}]]>
            </line>
            <line>
              <![CDATA[{"ExecutionTime":"2024-05-28 14:27:57.372","SeverityType":"High","ExpectedResult":"auto script approve for level 2","ActualResult":"auto script approve for level 2","TestData":"auto script approve for level 2","StepName":"TC013_queryBUAuditApproveStatus","StepDescription":"<DB>校验BU待办任务的introduce值","StepResult":"Pass"}]]>
            </line>
          </reporter-output>
        </test-method> <!-- TC013_queryBUAuditApproveStatus -->
        <test-method status="PASS" signature="TC014_getStockActiveStatus()[pri:0, instance:EasyPromo.OmniCoupon_DistributeChannelOmni_UseChannelMPM@5d5eef3d]" name="TC014_getStockActiveStatus" duration-ms="180449" started-at="2024-05-28T06:27:57Z" depends-on-methods="EasyPromo.OmniCoupon_DistributeChannelOmni_UseChannelMPM.TC013_queryBUAuditApproveStatus" finished-at="2024-05-28T06:30:57Z">
          <reporter-output>
            <line>
              <![CDATA[{"ExecutionTime":"2024-05-28 14:30:57.822","SeverityType":"High","ExpectedResult":"ACTIVE","ActualResult":"ACTIVE","TestData":"ACTIVE","StepName":"TC014_getStockActiveStatus","StepDescription":"<BackOffice>校验全场券状态-生效中","StepResult":"Pass"}]]>
            </line>
          </reporter-output>
        </test-method> <!-- TC014_getStockActiveStatus -->
        <test-method status="PASS" signature="TC043_getStockActiveStatus()[pri:0, instance:EasyPromo.OmniCoupon_DistributeChannelOmni_UseChannelMPM@5d5eef3d]" name="TC043_getStockActiveStatus" duration-ms="7863" started-at="2024-05-28T06:30:57Z" depends-on-methods="EasyPromo.OmniCoupon_DistributeChannelOmni_UseChannelMPM.TC013_queryBUAuditApproveStatus" finished-at="2024-05-28T06:31:05Z">
          <reporter-output>
            <line>
              <![CDATA[{"ExecutionTime":"2024-05-28 14:31:05.685","SeverityType":"High","ExpectedResult":"ACTIVE","ActualResult":"ACTIVE","TestData":"ACTIVE","StepName":"TC043_getStockActiveStatus","StepDescription":"<BackOffice>校验全场券状态-生效中","StepResult":"Pass"}]]>
            </line>
          </reporter-output>
        </test-method> <!-- TC043_getStockActiveStatus -->
        <test-method status="PASS" signature="TC034_H5DistributeChannel()[pri:0, instance:EasyPromo.OmniCoupon_DistributeChannelOmni_UseChannelMPM@5d5eef3d]" name="TC034_H5DistributeChannel" duration-ms="805" started-at="2024-05-28T06:31:05Z" depends-on-methods="EasyPromo.OmniCoupon_DistributeChannelOmni_UseChannelMPM.TC043_getStockActiveStatus" finished-at="2024-05-28T06:31:06Z">
          <reporter-output>
            <line>
              <![CDATA[{"ExecutionTime":"2024-05-28 14:31:06.491","SeverityType":"High","ExpectedResult":"true","ActualResult":"true","TestData":" ","StepName":"TC034_H5DistributeChannel","StepDescription":"<Facade>校验生效活动在H5activityPageAvailableCoupons接口展示","StepResult":"Pass"}]]>
            </line>
            <line>
              <![CDATA[{"ExecutionTime":"2024-05-28 14:31:06.491","SeverityType":"High","ExpectedResult":"UNCLAIMED","ActualResult":"UNCLAIMED","TestData":"UNCLAIMED","StepName":"TC034_H5DistributeChannel","StepDescription":"<Facade>校验H5生效活动券初始状态-UNCLAIMED","StepResult":"Pass"}]]>
            </line>
          </reporter-output>
        </test-method> <!-- TC034_H5DistributeChannel -->
        <test-method status="PASS" signature="test015_MPMQueryUserCoupon()[pri:0, instance:EasyPromo.OmniCoupon_DistributeChannelOmni_UseChannelMPM@5d5eef3d]" name="test015_MPMQueryUserCoupon" duration-ms="826" started-at="2024-05-28T06:31:06Z" depends-on-methods="EasyPromo.OmniCoupon_DistributeChannelOmni_UseChannelMPM.TC043_getStockActiveStatus" finished-at="2024-05-28T06:31:07Z">
          <reporter-output>
            <line>
              <![CDATA[{"ExecutionTime":"2024-05-28 14:31:07.317","SeverityType":"High","ExpectedResult":"false","ActualResult":"false","TestData":" ","StepName":"test015_MPMQueryUserCoupon","StepDescription":"<Facade>校验生效活动在queryUserCoupon接口不展示","StepResult":"Pass"}]]>
            </line>
          </reporter-output>
        </test-method> <!-- test015_MPMQueryUserCoupon -->
        <test-method status="FAIL" signature="test016_MPMUserAvailableCoupon()[pri:0, instance:EasyPromo.OmniCoupon_DistributeChannelOmni_UseChannelMPM@5d5eef3d]" name="test016_MPMUserAvailableCoupon" duration-ms="60922" started-at="2024-05-28T06:31:07Z" depends-on-methods="EasyPromo.OmniCoupon_DistributeChannelOmni_UseChannelMPM.TC043_getStockActiveStatus" finished-at="2024-05-28T06:32:08Z">
          <exception class="java.lang.AssertionError">
            <message>
              <![CDATA[领券后优惠券状态异常，期望结果是AVAILABLE expected [true] but found [false]]]>
            </message>
            <full-stacktrace>
              <![CDATA[java.lang.AssertionError: 领券后优惠券状态异常，期望结果是AVAILABLE expected [true] but found [false]
at org.testng.Assert.fail(Assert.java:96)
at org.testng.Assert.failNotEquals(Assert.java:776)
at org.testng.Assert.assertEqualsImpl(Assert.java:137)
at org.testng.Assert.assertEquals(Assert.java:118)
at org.testng.Assert.assertEquals(Assert.java:453)
at EasyPromo.OmniCoupon_DistributeChannelOmni_UseChannelMPM.test016_MPMUserAvailableCoupon(OmniCoupon_DistributeChannelOmni_UseChannelMPM.java:582)
at sun.reflect.NativeMethodAccessorImpl.invoke0(Native Method)
at sun.reflect.NativeMethodAccessorImpl.invoke(NativeMethodAccessorImpl.java:62)
at sun.reflect.DelegatingMethodAccessorImpl.invoke(DelegatingMethodAccessorImpl.java:43)
at java.lang.reflect.Method.invoke(Method.java:483)
at org.testng.internal.MethodInvocationHelper.invokeMethod(MethodInvocationHelper.java:124)
at org.testng.internal.Invoker.invokeMethod(Invoker.java:583)
at org.testng.internal.Invoker.invokeTestMethod(Invoker.java:719)
at org.testng.internal.Invoker.invokeTestMethods(Invoker.java:989)
at org.testng.internal.TestMethodWorker.invokeTestMethods(TestMethodWorker.java:125)
at org.testng.internal.TestMethodWorker.run(TestMethodWorker.java:109)
at org.testng.TestRunner.privateRun(TestRunner.java:648)
at org.testng.TestRunner.run(TestRunner.java:505)
at org.testng.SuiteRunner.runTest(SuiteRunner.java:455)
at org.testng.SuiteRunner.runSequentially(SuiteRunner.java:450)
at org.testng.SuiteRunner.privateRun(SuiteRunner.java:415)
at org.testng.SuiteRunner.run(SuiteRunner.java:364)
at org.testng.SuiteRunnerWorker.runSuite(SuiteRunnerWorker.java:52)
at org.testng.SuiteRunnerWorker.run(SuiteRunnerWorker.java:84)
at org.testng.TestNG.runSuitesSequentially(TestNG.java:1208)
at org.testng.TestNG.runSuitesLocally(TestNG.java:1137)
at org.testng.TestNG.runSuites(TestNG.java:1049)
at org.testng.TestNG.run(TestNG.java:1017)
at com.intellij.rt.testng.IDEARemoteTestNG.run(IDEARemoteTestNG.java:66)
at com.intellij.rt.testng.RemoteTestNGStarter.main(RemoteTestNGStarter.java:109)
]]>
            </full-stacktrace>
          </exception> <!-- java.lang.AssertionError -->
          <reporter-output>
            <line>
              <![CDATA[{"ExecutionTime":"2024-05-28 14:32:08.239","SeverityType":"High","ExpectedResult":"true","ActualResult":"false","TestData":"AVAILABLE","StepName":"test016_MPMUserAvailableCoupon","StepDescription":"<Facade>校验userAvailableCoupon接口券状态-AVAILABLE","StepResult":"Failed"}]]>
            </line>
          </reporter-output>
        </test-method> <!-- test016_MPMUserAvailableCoupon -->
        <test-method status="PASS" signature="test035_DCNQueryUserCoupon()[pri:0, instance:EasyPromo.OmniCoupon_DistributeChannelOmni_UseChannelMPM@5d5eef3d]" name="test035_DCNQueryUserCoupon" duration-ms="708" started-at="2024-05-28T06:32:08Z" depends-on-methods="EasyPromo.OmniCoupon_DistributeChannelOmni_UseChannelMPM.TC043_getStockActiveStatus" finished-at="2024-05-28T06:32:09Z">
          <reporter-output>
            <line>
              <![CDATA[{"ExecutionTime":"2024-05-28 14:32:09.010","SeverityType":"High","ExpectedResult":"false","ActualResult":"false","TestData":" ","StepName":"test035_DCNQueryUserCoupon","StepDescription":"<Facade>校验生效活动在queryUserCoupon接口不展示","StepResult":"Pass"}]]>
            </line>
          </reporter-output>
        </test-method> <!-- test035_DCNQueryUserCoupon -->
        <test-method status="PASS" signature="test036_DCNUserAvailableCoupon()[pri:0, instance:EasyPromo.OmniCoupon_DistributeChannelOmni_UseChannelMPM@5d5eef3d]" name="test036_DCNUserAvailableCoupon" duration-ms="10661" started-at="2024-05-28T06:32:09Z" depends-on-methods="EasyPromo.OmniCoupon_DistributeChannelOmni_UseChannelMPM.TC043_getStockActiveStatus" finished-at="2024-05-28T06:32:19Z">
          <reporter-output>
            <line>
              <![CDATA[{"ExecutionTime":"2024-05-28 14:32:19.672","SeverityType":"High","ExpectedResult":"true","ActualResult":"true","TestData":" ","StepName":"test036_DCNUserAvailableCoupon","StepDescription":"<Facade>校验生效活动在userAvailableCoupon展示","StepResult":"Pass"}]]>
            </line>
          </reporter-output>
        </test-method> <!-- test036_DCNUserAvailableCoupon -->
        <test-method status="PASS" signature="test017_loggedUserReceiveCoupon()[pri:0, instance:EasyPromo.OmniCoupon_DistributeChannelOmni_UseChannelMPM@5d5eef3d]" name="test017_loggedUserReceiveCoupon" duration-ms="659" started-at="2024-05-28T06:32:19Z" depends-on-methods="EasyPromo.OmniCoupon_DistributeChannelOmni_UseChannelMPM.TC034_H5DistributeChannel" finished-at="2024-05-28T06:32:20Z">
          <reporter-output>
            <line>
              <![CDATA[{"ExecutionTime":"2024-05-28 14:32:20.331","SeverityType":"High","ExpectedResult":"201","ActualResult":"201","TestData":"2405280206430000034e","StepName":"test017_loggedUserReceiveCoupon","StepDescription":"<Facade>校验loggedUserReceiveCoupon接口领券成功","StepResult":"Pass"}]]>
            </line>
          </reporter-output>
        </test-method> <!-- test017_loggedUserReceiveCoupon -->
        <test-method status="PASS" signature="TC035_H5DistributeChannel()[pri:0, instance:EasyPromo.OmniCoupon_DistributeChannelOmni_UseChannelMPM@5d5eef3d]" name="TC035_H5DistributeChannel" duration-ms="639" started-at="2024-05-28T06:32:20Z" depends-on-methods="EasyPromo.OmniCoupon_DistributeChannelOmni_UseChannelMPM.test017_loggedUserReceiveCoupon" finished-at="2024-05-28T06:32:20Z">
          <reporter-output>
            <line>
              <![CDATA[{"ExecutionTime":"2024-05-28 14:32:20.971","SeverityType":"High","ExpectedResult":"AVAILABLE","ActualResult":"AVAILABLE","TestData":"AVAILABLE","StepName":"TC035_H5DistributeChannel","StepDescription":"<Facade>校验H5生效活动券状态-AVAILABLE","StepResult":"Pass"}]]>
            </line>
          </reporter-output>
        </test-method> <!-- TC035_H5DistributeChannel -->
        <test-method status="PASS" signature="test018_MPMQueryUserCoupon()[pri:0, instance:EasyPromo.OmniCoupon_DistributeChannelOmni_UseChannelMPM@5d5eef3d]" name="test018_MPMQueryUserCoupon" duration-ms="821" started-at="2024-05-28T06:32:20Z" depends-on-methods="EasyPromo.OmniCoupon_DistributeChannelOmni_UseChannelMPM.test017_loggedUserReceiveCoupon" finished-at="2024-05-28T06:32:21Z">
          <reporter-output>
            <line>
              <![CDATA[{"ExecutionTime":"2024-05-28 14:32:21.792","SeverityType":"High","ExpectedResult":"true","ActualResult":"true","TestData":"AVAILABLE","StepName":"test018_MPMQueryUserCoupon","StepDescription":"<Facade>校验queryUserCoupon接口券状态-AVAILABLE","StepResult":"Pass"}]]>
            </line>
          </reporter-output>
        </test-method> <!-- test018_MPMQueryUserCoupon -->
        <test-method status="FAIL" signature="test019_MPMUserAvailableCoupon()[pri:0, instance:EasyPromo.OmniCoupon_DistributeChannelOmni_UseChannelMPM@5d5eef3d]" name="test019_MPMUserAvailableCoupon" duration-ms="60809" started-at="2024-05-28T06:32:21Z" depends-on-methods="EasyPromo.OmniCoupon_DistributeChannelOmni_UseChannelMPM.test017_loggedUserReceiveCoupon" finished-at="2024-05-28T06:33:22Z">
          <exception class="java.lang.AssertionError">
            <message>
              <![CDATA[领券后优惠券状态异常，期望结果是AVAILABLE expected [true] but found [false]]]>
            </message>
            <full-stacktrace>
              <![CDATA[java.lang.AssertionError: 领券后优惠券状态异常，期望结果是AVAILABLE expected [true] but found [false]
at org.testng.Assert.fail(Assert.java:96)
at org.testng.Assert.failNotEquals(Assert.java:776)
at org.testng.Assert.assertEqualsImpl(Assert.java:137)
at org.testng.Assert.assertEquals(Assert.java:118)
at org.testng.Assert.assertEquals(Assert.java:453)
at EasyPromo.OmniCoupon_DistributeChannelOmni_UseChannelMPM.test019_MPMUserAvailableCoupon(OmniCoupon_DistributeChannelOmni_UseChannelMPM.java:690)
at sun.reflect.NativeMethodAccessorImpl.invoke0(Native Method)
at sun.reflect.NativeMethodAccessorImpl.invoke(NativeMethodAccessorImpl.java:62)
at sun.reflect.DelegatingMethodAccessorImpl.invoke(DelegatingMethodAccessorImpl.java:43)
at java.lang.reflect.Method.invoke(Method.java:483)
at org.testng.internal.MethodInvocationHelper.invokeMethod(MethodInvocationHelper.java:124)
at org.testng.internal.Invoker.invokeMethod(Invoker.java:583)
at org.testng.internal.Invoker.invokeTestMethod(Invoker.java:719)
at org.testng.internal.Invoker.invokeTestMethods(Invoker.java:989)
at org.testng.internal.TestMethodWorker.invokeTestMethods(TestMethodWorker.java:125)
at org.testng.internal.TestMethodWorker.run(TestMethodWorker.java:109)
at org.testng.TestRunner.privateRun(TestRunner.java:648)
at org.testng.TestRunner.run(TestRunner.java:505)
at org.testng.SuiteRunner.runTest(SuiteRunner.java:455)
at org.testng.SuiteRunner.runSequentially(SuiteRunner.java:450)
at org.testng.SuiteRunner.privateRun(SuiteRunner.java:415)
at org.testng.SuiteRunner.run(SuiteRunner.java:364)
at org.testng.SuiteRunnerWorker.runSuite(SuiteRunnerWorker.java:52)
at org.testng.SuiteRunnerWorker.run(SuiteRunnerWorker.java:84)
at org.testng.TestNG.runSuitesSequentially(TestNG.java:1208)
at org.testng.TestNG.runSuitesLocally(TestNG.java:1137)
at org.testng.TestNG.runSuites(TestNG.java:1049)
at org.testng.TestNG.run(TestNG.java:1017)
at com.intellij.rt.testng.IDEARemoteTestNG.run(IDEARemoteTestNG.java:66)
at com.intellij.rt.testng.RemoteTestNGStarter.main(RemoteTestNGStarter.java:109)
]]>
            </full-stacktrace>
          </exception> <!-- java.lang.AssertionError -->
          <reporter-output>
            <line>
              <![CDATA[{"ExecutionTime":"2024-05-28 14:33:22.601","SeverityType":"High","ExpectedResult":"true","ActualResult":"false","TestData":"AVAILABLE","StepName":"test019_MPMUserAvailableCoupon","StepDescription":"<Facade>校验userAvailableCoupon接口券状态-AVAILABLE","StepResult":"Failed"}]]>
            </line>
          </reporter-output>
        </test-method> <!-- test019_MPMUserAvailableCoupon -->
        <test-method status="PASS" signature="test037_DCNQueryUserCoupon()[pri:0, instance:EasyPromo.OmniCoupon_DistributeChannelOmni_UseChannelMPM@5d5eef3d]" name="test037_DCNQueryUserCoupon" duration-ms="602" started-at="2024-05-28T06:33:22Z" depends-on-methods="EasyPromo.OmniCoupon_DistributeChannelOmni_UseChannelMPM.test017_loggedUserReceiveCoupon" finished-at="2024-05-28T06:33:23Z">
          <reporter-output>
            <line>
              <![CDATA[{"ExecutionTime":"2024-05-28 14:33:23.204","SeverityType":"High","ExpectedResult":"true","ActualResult":"true","TestData":"AVAILABLE","StepName":"test037_DCNQueryUserCoupon","StepDescription":"<Facade>校验queryUserCoupon接口券状态-AVAILABLE","StepResult":"Pass"}]]>
            </line>
          </reporter-output>
        </test-method> <!-- test037_DCNQueryUserCoupon -->
        <test-method status="PASS" signature="test038_DCNUserAvailableCoupon()[pri:0, instance:EasyPromo.OmniCoupon_DistributeChannelOmni_UseChannelMPM@5d5eef3d]" name="test038_DCNUserAvailableCoupon" duration-ms="10684" started-at="2024-05-28T06:33:23Z" depends-on-methods="EasyPromo.OmniCoupon_DistributeChannelOmni_UseChannelMPM.test017_loggedUserReceiveCoupon" finished-at="2024-05-28T06:33:33Z">
          <reporter-output>
            <line>
              <![CDATA[{"ExecutionTime":"2024-05-28 14:33:33.889","SeverityType":"High","ExpectedResult":"true","ActualResult":"true","TestData":"AVAILABLE","StepName":"test038_DCNUserAvailableCoupon","StepDescription":"<Facade>校验userAvailableCoupon接口券状态-AVAILABLE","StepResult":"Pass"}]]>
            </line>
          </reporter-output>
        </test-method> <!-- test038_DCNUserAvailableCoupon -->
        <test-method status="PASS" signature="test020_plans()[pri:0, instance:EasyPromo.OmniCoupon_DistributeChannelOmni_UseChannelMPM@5d5eef3d]" name="test020_plans" duration-ms="717" started-at="2024-05-28T06:33:33Z" depends-on-methods="EasyPromo.OmniCoupon_DistributeChannelOmni_UseChannelMPM.TC035_H5DistributeChannel" finished-at="2024-05-28T06:33:34Z">
          <reporter-output>
            <line>
              <![CDATA[{"ExecutionTime":"2024-05-28 14:33:34.607","SeverityType":"High","ExpectedResult":"true","ActualResult":"true","TestData":"15940","StepName":"test020_plans","StepDescription":"<EP>校验plans接口返回商品促销","StepResult":"Pass"}]]>
            </line>
          </reporter-output>
        </test-method> <!-- test020_plans -->
        <test-method status="PASS" signature="test021_repricing()[pri:0, instance:EasyPromo.OmniCoupon_DistributeChannelOmni_UseChannelMPM@5d5eef3d]" name="test021_repricing" duration-ms="382" started-at="2024-05-28T06:33:34Z" depends-on-methods="EasyPromo.OmniCoupon_DistributeChannelOmni_UseChannelMPM.test020_plans" finished-at="2024-05-28T06:33:34Z">
          <reporter-output>
            <line>
              <![CDATA[{"ExecutionTime":"2024-05-28 14:33:34.989","SeverityType":"High","ExpectedResult":"true","ActualResult":"true","TestData":" ","StepName":"test021_repricing","StepDescription":"<EP>校验Repricing接口返回优惠","StepResult":"Pass"}]]>
            </line>
          </reporter-output>
        </test-method> <!-- test021_repricing -->
        <test-method status="PASS" signature="test022_applyPromotionPlans()[pri:0, instance:EasyPromo.OmniCoupon_DistributeChannelOmni_UseChannelMPM@5d5eef3d]" name="test022_applyPromotionPlans" duration-ms="8429" started-at="2024-05-28T06:33:34Z" depends-on-methods="EasyPromo.OmniCoupon_DistributeChannelOmni_UseChannelMPM.test021_repricing" finished-at="2024-05-28T06:33:43Z">
          <reporter-output>
            <line>
              <![CDATA[{"ExecutionTime":"2024-05-28 14:33:43.418","SeverityType":"High","ExpectedResult":"FROZEN","ActualResult":"FROZEN","TestData":"cn1716878014993","StepName":"test022_applyPromotionPlans","StepDescription":"<DB>校验applyPromotionPlans后优惠券状态-FROZEN","StepResult":"Pass"}]]>
            </line>
          </reporter-output>
        </test-method> <!-- test022_applyPromotionPlans -->
        <test-method status="PASS" signature="TC036_H5DistributeChannel()[pri:0, instance:EasyPromo.OmniCoupon_DistributeChannelOmni_UseChannelMPM@5d5eef3d]" name="TC036_H5DistributeChannel" duration-ms="1016" started-at="2024-05-28T06:33:43Z" depends-on-methods="EasyPromo.OmniCoupon_DistributeChannelOmni_UseChannelMPM.test022_applyPromotionPlans" finished-at="2024-05-28T06:33:44Z">
          <reporter-output>
            <line>
              <![CDATA[{"ExecutionTime":"2024-05-28 14:33:44.435","SeverityType":"High","ExpectedResult":"UNCLAIMED","ActualResult":"UNCLAIMED","TestData":"UNCLAIMED","StepName":"TC036_H5DistributeChannel","StepDescription":"<Facade>校验H5生效活动券冻结后状态-UNCLAIMED","StepResult":"Pass"}]]>
            </line>
          </reporter-output>
        </test-method> <!-- TC036_H5DistributeChannel -->
        <test-method status="PASS" signature="test023_MPMQueryUserCoupon()[pri:0, instance:EasyPromo.OmniCoupon_DistributeChannelOmni_UseChannelMPM@5d5eef3d]" name="test023_MPMQueryUserCoupon" duration-ms="52763" started-at="2024-05-28T06:33:44Z" depends-on-methods="EasyPromo.OmniCoupon_DistributeChannelOmni_UseChannelMPM.test022_applyPromotionPlans" finished-at="2024-05-28T06:34:37Z">
          <reporter-output>
            <line>
              <![CDATA[{"ExecutionTime":"2024-05-28 14:34:37.198","SeverityType":"High","ExpectedResult":"true","ActualResult":"true","TestData":"USED","StepName":"test023_MPMQueryUserCoupon","StepDescription":"<Facade>校验queryUserCoupon接口优惠券状态-USED","StepResult":"Pass"}]]>
            </line>
          </reporter-output>
        </test-method> <!-- test023_MPMQueryUserCoupon -->
        <test-method status="FAIL" signature="test024_MPMUserAvailableCoupon()[pri:0, instance:EasyPromo.OmniCoupon_DistributeChannelOmni_UseChannelMPM@5d5eef3d]" name="test024_MPMUserAvailableCoupon" duration-ms="604" started-at="2024-05-28T06:34:37Z" depends-on-methods="EasyPromo.OmniCoupon_DistributeChannelOmni_UseChannelMPM.test022_applyPromotionPlans" finished-at="2024-05-28T06:34:37Z">
          <exception class="java.lang.AssertionError">
            <message>
              <![CDATA[冻券后优惠券状态异常，期望结果是UNCLAIMED expected [true] but found [false]]]>
            </message>
            <full-stacktrace>
              <![CDATA[java.lang.AssertionError: 冻券后优惠券状态异常，期望结果是UNCLAIMED expected [true] but found [false]
at org.testng.Assert.fail(Assert.java:96)
at org.testng.Assert.failNotEquals(Assert.java:776)
at org.testng.Assert.assertEqualsImpl(Assert.java:137)
at org.testng.Assert.assertEquals(Assert.java:118)
at org.testng.Assert.assertEquals(Assert.java:453)
at EasyPromo.OmniCoupon_DistributeChannelOmni_UseChannelMPM.test024_MPMUserAvailableCoupon(OmniCoupon_DistributeChannelOmni_UseChannelMPM.java:831)
at sun.reflect.NativeMethodAccessorImpl.invoke0(Native Method)
at sun.reflect.NativeMethodAccessorImpl.invoke(NativeMethodAccessorImpl.java:62)
at sun.reflect.DelegatingMethodAccessorImpl.invoke(DelegatingMethodAccessorImpl.java:43)
at java.lang.reflect.Method.invoke(Method.java:483)
at org.testng.internal.MethodInvocationHelper.invokeMethod(MethodInvocationHelper.java:124)
at org.testng.internal.Invoker.invokeMethod(Invoker.java:583)
at org.testng.internal.Invoker.invokeTestMethod(Invoker.java:719)
at org.testng.internal.Invoker.invokeTestMethods(Invoker.java:989)
at org.testng.internal.TestMethodWorker.invokeTestMethods(TestMethodWorker.java:125)
at org.testng.internal.TestMethodWorker.run(TestMethodWorker.java:109)
at org.testng.TestRunner.privateRun(TestRunner.java:648)
at org.testng.TestRunner.run(TestRunner.java:505)
at org.testng.SuiteRunner.runTest(SuiteRunner.java:455)
at org.testng.SuiteRunner.runSequentially(SuiteRunner.java:450)
at org.testng.SuiteRunner.privateRun(SuiteRunner.java:415)
at org.testng.SuiteRunner.run(SuiteRunner.java:364)
at org.testng.SuiteRunnerWorker.runSuite(SuiteRunnerWorker.java:52)
at org.testng.SuiteRunnerWorker.run(SuiteRunnerWorker.java:84)
at org.testng.TestNG.runSuitesSequentially(TestNG.java:1208)
at org.testng.TestNG.runSuitesLocally(TestNG.java:1137)
at org.testng.TestNG.runSuites(TestNG.java:1049)
at org.testng.TestNG.run(TestNG.java:1017)
at com.intellij.rt.testng.IDEARemoteTestNG.run(IDEARemoteTestNG.java:66)
at com.intellij.rt.testng.RemoteTestNGStarter.main(RemoteTestNGStarter.java:109)
]]>
            </full-stacktrace>
          </exception> <!-- java.lang.AssertionError -->
          <reporter-output>
            <line>
              <![CDATA[{"ExecutionTime":"2024-05-28 14:34:37.802","SeverityType":"High","ExpectedResult":"true","ActualResult":"false","TestData":"UNCLAIMED","StepName":"test024_MPMUserAvailableCoupon","StepDescription":"<Facade>校验userAvailableCoupon优惠券状态-UNCLAIMED","StepResult":"Failed"}]]>
            </line>
          </reporter-output>
        </test-method> <!-- test024_MPMUserAvailableCoupon -->
        <test-method status="PASS" signature="test039_DCNQueryUserCoupon()[pri:0, instance:EasyPromo.OmniCoupon_DistributeChannelOmni_UseChannelMPM@5d5eef3d]" name="test039_DCNQueryUserCoupon" duration-ms="53942" started-at="2024-05-28T06:34:37Z" depends-on-methods="EasyPromo.OmniCoupon_DistributeChannelOmni_UseChannelMPM.test022_applyPromotionPlans" finished-at="2024-05-28T06:35:31Z">
          <reporter-output>
            <line>
              <![CDATA[{"ExecutionTime":"2024-05-28 14:35:31.745","SeverityType":"High","ExpectedResult":"true","ActualResult":"true","TestData":"USED","StepName":"test039_DCNQueryUserCoupon","StepDescription":"<Facade>校验queryUserCoupon接口优惠券状态-USED","StepResult":"Pass"}]]>
            </line>
          </reporter-output>
        </test-method> <!-- test039_DCNQueryUserCoupon -->
        <test-method status="PASS" signature="test040_DCNUserAvailableCoupon()[pri:0, instance:EasyPromo.OmniCoupon_DistributeChannelOmni_UseChannelMPM@5d5eef3d]" name="test040_DCNUserAvailableCoupon" duration-ms="674" started-at="2024-05-28T06:35:31Z" depends-on-methods="EasyPromo.OmniCoupon_DistributeChannelOmni_UseChannelMPM.test022_applyPromotionPlans" finished-at="2024-05-28T06:35:32Z">
          <reporter-output>
            <line>
              <![CDATA[{"ExecutionTime":"2024-05-28 14:35:32.419","SeverityType":"High","ExpectedResult":"true","ActualResult":"true","TestData":"UNCLAIMED","StepName":"test040_DCNUserAvailableCoupon","StepDescription":"<Facade>校验userAvailableCoupon优惠券状态-UNCLAIMED","StepResult":"Pass"}]]>
            </line>
          </reporter-output>
        </test-method> <!-- test040_DCNUserAvailableCoupon -->
        <test-method status="PASS" signature="test025_promotionDetails_001()[pri:0, instance:EasyPromo.OmniCoupon_DistributeChannelOmni_UseChannelMPM@5d5eef3d]" name="test025_promotionDetails_001" duration-ms="432" started-at="2024-05-28T06:35:32Z" depends-on-methods="EasyPromo.OmniCoupon_DistributeChannelOmni_UseChannelMPM.TC036_H5DistributeChannel" finished-at="2024-05-28T06:35:32Z">
          <reporter-output>
            <line>
              <![CDATA[{"ExecutionTime":"2024-05-28 14:35:32.847","SeverityType":"High","ExpectedResult":"200","ActualResult":"200","TestData":"200","StepName":"test025_promotionDetails_001","StepDescription":"<EP>校验promotionDetails接口状态","StepResult":"Pass"}]]>
            </line>
          </reporter-output>
        </test-method> <!-- test025_promotionDetails_001 -->
        <test-method status="FAIL" signature="test025_promotionDetails_002(xProject.testCase.testCaseTemplateOne)[pri:0, instance:EasyPromo.OmniCoupon_DistributeChannelOmni_UseChannelMPM@5d5eef3d]" name="test025_promotionDetails_002" duration-ms="1" started-at="2024-05-28T06:35:32Z" data-provider="test025_promotionDetails_002" depends-on-methods="EasyPromo.OmniCoupon_DistributeChannelOmni_UseChannelMPM.test025_promotionDetails_001" finished-at="2024-05-28T06:35:32Z">
          <params>
            <param index="0">
              <value>
                <![CDATA[testCaseTemplateOne(key=order_source)]]>
              </value>
            </param>
          </params>
          <exception class="java.lang.AssertionError">
            <message>
              <![CDATA[order_source value is not correct expected [FACADE] but found [WEBPOS]]]>
            </message>
            <full-stacktrace>
              <![CDATA[java.lang.AssertionError: order_source value is not correct expected [FACADE] but found [WEBPOS]
at org.testng.Assert.fail(Assert.java:96)
at org.testng.Assert.failNotEquals(Assert.java:776)
at org.testng.Assert.assertEqualsImpl(Assert.java:137)
at org.testng.Assert.assertEquals(Assert.java:118)
at org.testng.Assert.assertEquals(Assert.java:453)
at EasyPromo.OmniCoupon_DistributeChannelOmni_UseChannelMPM.test025_promotionDetails_002(OmniCoupon_DistributeChannelOmni_UseChannelMPM.java:917)
at sun.reflect.NativeMethodAccessorImpl.invoke0(Native Method)
at sun.reflect.NativeMethodAccessorImpl.invoke(NativeMethodAccessorImpl.java:62)
at sun.reflect.DelegatingMethodAccessorImpl.invoke(DelegatingMethodAccessorImpl.java:43)
at java.lang.reflect.Method.invoke(Method.java:483)
at org.testng.internal.MethodInvocationHelper.invokeMethod(MethodInvocationHelper.java:124)
at org.testng.internal.Invoker.invokeMethod(Invoker.java:583)
at org.testng.internal.Invoker.invokeTestMethod(Invoker.java:719)
at org.testng.internal.Invoker.invokeTestMethods(Invoker.java:989)
at org.testng.internal.TestMethodWorker.invokeTestMethods(TestMethodWorker.java:125)
at org.testng.internal.TestMethodWorker.run(TestMethodWorker.java:109)
at org.testng.TestRunner.privateRun(TestRunner.java:648)
at org.testng.TestRunner.run(TestRunner.java:505)
at org.testng.SuiteRunner.runTest(SuiteRunner.java:455)
at org.testng.SuiteRunner.runSequentially(SuiteRunner.java:450)
at org.testng.SuiteRunner.privateRun(SuiteRunner.java:415)
at org.testng.SuiteRunner.run(SuiteRunner.java:364)
at org.testng.SuiteRunnerWorker.runSuite(SuiteRunnerWorker.java:52)
at org.testng.SuiteRunnerWorker.run(SuiteRunnerWorker.java:84)
at org.testng.TestNG.runSuitesSequentially(TestNG.java:1208)
at org.testng.TestNG.runSuitesLocally(TestNG.java:1137)
at org.testng.TestNG.runSuites(TestNG.java:1049)
at org.testng.TestNG.run(TestNG.java:1017)
at com.intellij.rt.testng.IDEARemoteTestNG.run(IDEARemoteTestNG.java:66)
at com.intellij.rt.testng.RemoteTestNGStarter.main(RemoteTestNGStarter.java:109)
]]>
            </full-stacktrace>
          </exception> <!-- java.lang.AssertionError -->
          <reporter-output>
            <line>
              <![CDATA[{"ExecutionTime":"2024-05-28 14:35:32.872","SeverityType":"High","ExpectedResult":"FACADE","ActualResult":"WEBPOS","TestData":"WEBPOS","StepName":"test025_promotionDetails_002","StepDescription":"<EP>校验OrderPromotion中order_source的值","StepResult":"Failed"}]]>
            </line>
          </reporter-output>
        </test-method> <!-- test025_promotionDetails_002 -->
        <test-method status="PASS" signature="test025_promotionDetails_002(xProject.testCase.testCaseTemplateOne)[pri:0, instance:EasyPromo.OmniCoupon_DistributeChannelOmni_UseChannelMPM@5d5eef3d]" name="test025_promotionDetails_002" duration-ms="1" started-at="2024-05-28T06:35:32Z" data-provider="test025_promotionDetails_002" depends-on-methods="EasyPromo.OmniCoupon_DistributeChannelOmni_UseChannelMPM.test025_promotionDetails_001" finished-at="2024-05-28T06:35:32Z">
          <params>
            <param index="0">
              <value>
                <![CDATA[testCaseTemplateOne(key=product_discount_amount)]]>
              </value>
            </param>
          </params>
          <reporter-output>
            <line>
              <![CDATA[{"ExecutionTime":"2024-05-28 14:35:32.874","SeverityType":"High","ExpectedResult":"100.00","ActualResult":"100.00","TestData":"100.00","StepName":"test025_promotionDetails_002","StepDescription":"<EP>校验OrderPromotion中product_discount_amount的值","StepResult":"Pass"}]]>
            </line>
          </reporter-output>
        </test-method> <!-- test025_promotionDetails_002 -->
        <test-method status="PASS" signature="test025_promotionDetails_002(xProject.testCase.testCaseTemplateOne)[pri:0, instance:EasyPromo.OmniCoupon_DistributeChannelOmni_UseChannelMPM@5d5eef3d]" name="test025_promotionDetails_002" duration-ms="0" started-at="2024-05-28T06:35:32Z" data-provider="test025_promotionDetails_002" depends-on-methods="EasyPromo.OmniCoupon_DistributeChannelOmni_UseChannelMPM.test025_promotionDetails_001" finished-at="2024-05-28T06:35:32Z">
          <params>
            <param index="0">
              <value>
                <![CDATA[testCaseTemplateOne(key=total_price)]]>
              </value>
            </param>
          </params>
          <reporter-output>
            <line>
              <![CDATA[{"ExecutionTime":"2024-05-28 14:35:32.873","SeverityType":"High","ExpectedResult":"519.70","ActualResult":"519.70","TestData":"519.70","StepName":"test025_promotionDetails_002","StepDescription":"<EP>校验OrderPromotion中total_price的值","StepResult":"Pass"}]]>
            </line>
          </reporter-output>
        </test-method> <!-- test025_promotionDetails_002 -->
        <test-method status="PASS" signature="test025_promotionDetails_002(xProject.testCase.testCaseTemplateOne)[pri:0, instance:EasyPromo.OmniCoupon_DistributeChannelOmni_UseChannelMPM@5d5eef3d]" name="test025_promotionDetails_002" duration-ms="0" started-at="2024-05-28T06:35:32Z" data-provider="test025_promotionDetails_002" depends-on-methods="EasyPromo.OmniCoupon_DistributeChannelOmni_UseChannelMPM.test025_promotionDetails_001" finished-at="2024-05-28T06:35:32Z">
          <params>
            <param index="0">
              <value>
                <![CDATA[testCaseTemplateOne(key=person_id)]]>
              </value>
            </param>
          </params>
          <reporter-output>
            <line>
              <![CDATA[{"ExecutionTime":"2024-05-28 14:35:32.873","SeverityType":"High","ExpectedResult":"15005083203","ActualResult":"15005083203","TestData":"15005083203","StepName":"test025_promotionDetails_002","StepDescription":"<EP>校验OrderPromotion中person_id的值","StepResult":"Pass"}]]>
            </line>
          </reporter-output>
        </test-method> <!-- test025_promotionDetails_002 -->
        <test-method status="PASS" signature="test025_promotionDetails_002(xProject.testCase.testCaseTemplateOne)[pri:0, instance:EasyPromo.OmniCoupon_DistributeChannelOmni_UseChannelMPM@5d5eef3d]" name="test025_promotionDetails_002" duration-ms="0" started-at="2024-05-28T06:35:32Z" data-provider="test025_promotionDetails_002" depends-on-methods="EasyPromo.OmniCoupon_DistributeChannelOmni_UseChannelMPM.test025_promotionDetails_001" finished-at="2024-05-28T06:35:32Z">
          <params>
            <param index="0">
              <value>
                <![CDATA[testCaseTemplateOne(key=coupon_discount_amount)]]>
              </value>
            </param>
          </params>
          <reporter-output>
            <line>
              <![CDATA[{"ExecutionTime":"2024-05-28 14:35:32.873","SeverityType":"High","ExpectedResult":"5.00","ActualResult":"5.00","TestData":"5.00","StepName":"test025_promotionDetails_002","StepDescription":"<EP>校验OrderPromotion中coupon_discount_amount的值","StepResult":"Pass"}]]>
            </line>
          </reporter-output>
        </test-method> <!-- test025_promotionDetails_002 -->
        <test-method status="SKIP" signature="test025_promotionDetails_003(xProject.testCase.testCaseTemplateOne)[pri:0, instance:EasyPromo.OmniCoupon_DistributeChannelOmni_UseChannelMPM@5d5eef3d]" name="test025_promotionDetails_003" duration-ms="0" started-at="2024-05-28T06:35:32Z" data-provider="test025_promotionDetails_003" depends-on-methods="EasyPromo.OmniCoupon_DistributeChannelOmni_UseChannelMPM.test025_promotionDetails_002" finished-at="2024-05-28T06:35:32Z">
          <exception class="java.lang.Throwable">
            <message>
              <![CDATA[Method OmniCoupon_DistributeChannelOmni_UseChannelMPM.test025_promotionDetails_003(xProject.testCase.testCaseTemplateOne)[pri:0, instance:EasyPromo.OmniCoupon_DistributeChannelOmni_UseChannelMPM@5d5eef3d] depends on not successfully finished methods]]>
            </message>
            <full-stacktrace>
              <![CDATA[java.lang.Throwable: Method OmniCoupon_DistributeChannelOmni_UseChannelMPM.test025_promotionDetails_003(xProject.testCase.testCaseTemplateOne)[pri:0, instance:EasyPromo.OmniCoupon_DistributeChannelOmni_UseChannelMPM@5d5eef3d] depends on not successfully finished methods
at org.testng.internal.Invoker.invokeTestMethods(Invoker.java:888)
at org.testng.internal.TestMethodWorker.invokeTestMethods(TestMethodWorker.java:125)
at org.testng.internal.TestMethodWorker.run(TestMethodWorker.java:109)
at org.testng.TestRunner.privateRun(TestRunner.java:648)
at org.testng.TestRunner.run(TestRunner.java:505)
at org.testng.SuiteRunner.runTest(SuiteRunner.java:455)
at org.testng.SuiteRunner.runSequentially(SuiteRunner.java:450)
at org.testng.SuiteRunner.privateRun(SuiteRunner.java:415)
at org.testng.SuiteRunner.run(SuiteRunner.java:364)
at org.testng.SuiteRunnerWorker.runSuite(SuiteRunnerWorker.java:52)
at org.testng.SuiteRunnerWorker.run(SuiteRunnerWorker.java:84)
at org.testng.TestNG.runSuitesSequentially(TestNG.java:1208)
at org.testng.TestNG.runSuitesLocally(TestNG.java:1137)
at org.testng.TestNG.runSuites(TestNG.java:1049)
at org.testng.TestNG.run(TestNG.java:1017)
at com.intellij.rt.testng.IDEARemoteTestNG.run(IDEARemoteTestNG.java:66)
at com.intellij.rt.testng.RemoteTestNGStarter.main(RemoteTestNGStarter.java:109)
]]>
            </full-stacktrace>
          </exception> <!-- java.lang.Throwable -->
          <reporter-output>
          </reporter-output>
        </test-method> <!-- test025_promotionDetails_003 -->
        <test-method status="PASS" signature="test025_promotionDetails_002(xProject.testCase.testCaseTemplateOne)[pri:0, instance:EasyPromo.OmniCoupon_DistributeChannelOmni_UseChannelMPM@5d5eef3d]" name="test025_promotionDetails_002" duration-ms="0" started-at="2024-05-28T06:35:32Z" data-provider="test025_promotionDetails_002" depends-on-methods="EasyPromo.OmniCoupon_DistributeChannelOmni_UseChannelMPM.test025_promotionDetails_001" finished-at="2024-05-28T06:35:32Z">
          <params>
            <param index="0">
              <value>
                <![CDATA[testCaseTemplateOne(key=shipping_fee)]]>
              </value>
            </param>
          </params>
          <reporter-output>
            <line>
              <![CDATA[{"ExecutionTime":"2024-05-28 14:35:32.874","SeverityType":"High","StepName":"test025_promotionDetails_002","StepDescription":"<EP>校验OrderPromotion中shipping_fee的值","StepResult":"Pass"}]]>
            </line>
          </reporter-output>
        </test-method> <!-- test025_promotionDetails_002 -->
        <test-method status="PASS" signature="test025_promotionDetails_002(xProject.testCase.testCaseTemplateOne)[pri:0, instance:EasyPromo.OmniCoupon_DistributeChannelOmni_UseChannelMPM@5d5eef3d]" name="test025_promotionDetails_002" duration-ms="0" started-at="2024-05-28T06:35:32Z" data-provider="test025_promotionDetails_002" depends-on-methods="EasyPromo.OmniCoupon_DistributeChannelOmni_UseChannelMPM.test025_promotionDetails_001" finished-at="2024-05-28T06:35:32Z">
          <params>
            <param index="0">
              <value>
                <![CDATA[testCaseTemplateOne(key=actual_amount)]]>
              </value>
            </param>
          </params>
          <reporter-output>
            <line>
              <![CDATA[{"ExecutionTime":"2024-05-28 14:35:32.874","SeverityType":"High","ExpectedResult":"414.70","ActualResult":"414.70","TestData":"414.70","StepName":"test025_promotionDetails_002","StepDescription":"<EP>校验OrderPromotion中actual_amount的值","StepResult":"Pass"}]]>
            </line>
          </reporter-output>
        </test-method> <!-- test025_promotionDetails_002 -->
        <test-method status="SKIP" signature="test025_promotionDetails_004(xProject.testCase.testCaseTemplateOne)[pri:0, instance:EasyPromo.OmniCoupon_DistributeChannelOmni_UseChannelMPM@5d5eef3d]" name="test025_promotionDetails_004" duration-ms="0" started-at="2024-05-28T06:35:32Z" data-provider="test025_promotionDetails_004" depends-on-methods="EasyPromo.OmniCoupon_DistributeChannelOmni_UseChannelMPM.test025_promotionDetails_003" finished-at="2024-05-28T06:35:32Z">
          <exception class="java.lang.Throwable">
            <message>
              <![CDATA[Method OmniCoupon_DistributeChannelOmni_UseChannelMPM.test025_promotionDetails_004(xProject.testCase.testCaseTemplateOne)[pri:0, instance:EasyPromo.OmniCoupon_DistributeChannelOmni_UseChannelMPM@5d5eef3d] depends on not successfully finished methods]]>
            </message>
            <full-stacktrace>
              <![CDATA[java.lang.Throwable: Method OmniCoupon_DistributeChannelOmni_UseChannelMPM.test025_promotionDetails_004(xProject.testCase.testCaseTemplateOne)[pri:0, instance:EasyPromo.OmniCoupon_DistributeChannelOmni_UseChannelMPM@5d5eef3d] depends on not successfully finished methods
at org.testng.internal.Invoker.invokeTestMethods(Invoker.java:888)
at org.testng.internal.TestMethodWorker.invokeTestMethods(TestMethodWorker.java:125)
at org.testng.internal.TestMethodWorker.run(TestMethodWorker.java:109)
at org.testng.TestRunner.privateRun(TestRunner.java:648)
at org.testng.TestRunner.run(TestRunner.java:505)
at org.testng.SuiteRunner.runTest(SuiteRunner.java:455)
at org.testng.SuiteRunner.runSequentially(SuiteRunner.java:450)
at org.testng.SuiteRunner.privateRun(SuiteRunner.java:415)
at org.testng.SuiteRunner.run(SuiteRunner.java:364)
at org.testng.SuiteRunnerWorker.runSuite(SuiteRunnerWorker.java:52)
at org.testng.SuiteRunnerWorker.run(SuiteRunnerWorker.java:84)
at org.testng.TestNG.runSuitesSequentially(TestNG.java:1208)
at org.testng.TestNG.runSuitesLocally(TestNG.java:1137)
at org.testng.TestNG.runSuites(TestNG.java:1049)
at org.testng.TestNG.run(TestNG.java:1017)
at com.intellij.rt.testng.IDEARemoteTestNG.run(IDEARemoteTestNG.java:66)
at com.intellij.rt.testng.RemoteTestNGStarter.main(RemoteTestNGStarter.java:109)
]]>
            </full-stacktrace>
          </exception> <!-- java.lang.Throwable -->
          <reporter-output>
          </reporter-output>
        </test-method> <!-- test025_promotionDetails_004 -->
        <test-method status="SKIP" signature="test030_全场券活动关闭()[pri:0, instance:EasyPromo.OmniCoupon_DistributeChannelOmni_UseChannelMPM@5d5eef3d]" name="test030_全场券活动关闭" duration-ms="0" started-at="2024-05-28T06:35:32Z" depends-on-methods="EasyPromo.OmniCoupon_DistributeChannelOmni_UseChannelMPM.TC037_H5DistributeChannel" finished-at="2024-05-28T06:35:32Z">
          <exception class="java.lang.Throwable">
            <message>
              <![CDATA[Method OmniCoupon_DistributeChannelOmni_UseChannelMPM.test030_全场券活动关闭()[pri:0, instance:EasyPromo.OmniCoupon_DistributeChannelOmni_UseChannelMPM@5d5eef3d] depends on not successfully finished methods]]>
            </message>
            <full-stacktrace>
              <![CDATA[java.lang.Throwable: Method OmniCoupon_DistributeChannelOmni_UseChannelMPM.test030_全场券活动关闭()[pri:0, instance:EasyPromo.OmniCoupon_DistributeChannelOmni_UseChannelMPM@5d5eef3d] depends on not successfully finished methods
at org.testng.internal.Invoker.invokeTestMethods(Invoker.java:888)
at org.testng.internal.TestMethodWorker.invokeTestMethods(TestMethodWorker.java:125)
at org.testng.internal.TestMethodWorker.run(TestMethodWorker.java:109)
at org.testng.TestRunner.privateRun(TestRunner.java:648)
at org.testng.TestRunner.run(TestRunner.java:505)
at org.testng.SuiteRunner.runTest(SuiteRunner.java:455)
at org.testng.SuiteRunner.runSequentially(SuiteRunner.java:450)
at org.testng.SuiteRunner.privateRun(SuiteRunner.java:415)
at org.testng.SuiteRunner.run(SuiteRunner.java:364)
at org.testng.SuiteRunnerWorker.runSuite(SuiteRunnerWorker.java:52)
at org.testng.SuiteRunnerWorker.run(SuiteRunnerWorker.java:84)
at org.testng.TestNG.runSuitesSequentially(TestNG.java:1208)
at org.testng.TestNG.runSuitesLocally(TestNG.java:1137)
at org.testng.TestNG.runSuites(TestNG.java:1049)
at org.testng.TestNG.run(TestNG.java:1017)
at com.intellij.rt.testng.IDEARemoteTestNG.run(IDEARemoteTestNG.java:66)
at com.intellij.rt.testng.RemoteTestNGStarter.main(RemoteTestNGStarter.java:109)
]]>
            </full-stacktrace>
          </exception> <!-- java.lang.Throwable -->
          <reporter-output>
          </reporter-output>
        </test-method> <!-- test030_全场券活动关闭 -->
        <test-method status="SKIP" signature="test028_MPMQueryUserCoupon()[pri:0, instance:EasyPromo.OmniCoupon_DistributeChannelOmni_UseChannelMPM@5d5eef3d]" name="test028_MPMQueryUserCoupon" duration-ms="0" started-at="2024-05-28T06:35:32Z" depends-on-methods="EasyPromo.OmniCoupon_DistributeChannelOmni_UseChannelMPM.test027_refundCoupon" finished-at="2024-05-28T06:35:32Z">
          <exception class="java.lang.Throwable">
            <message>
[...]
at org.testng.internal.Invoker.invokeTestMethods(Invoker.java:888)
at org.testng.internal.TestMethodWorker.invokeTestMethods(TestMethodWorker.java:125)
at org.testng.internal.TestMethodWorker.run(TestMethodWorker.java:109)
at org.testng.TestRunner.privateRun(TestRunner.java:648)
at org.testng.TestRunner.run(TestRunner.java:505)
at org.testng.SuiteRunner.runTest(SuiteRunner.java:455)
at org.testng.SuiteRunner.runSequentially(SuiteRunner.java:450)
at org.testng.SuiteRunner.privateRun(SuiteRunner.java:415)
at org.testng.SuiteRunner.run(SuiteRunner.java:364)
at org.testng.SuiteRunnerWorker.runSuite(SuiteRunnerWorker.java:52)
at org.testng.SuiteRunnerWorker.run(SuiteRunnerWorker.java:84)
at org.testng.TestNG.runSuitesSequentially(TestNG.java:1208)
at org.testng.TestNG.runSuitesLocally(TestNG.java:1137)
at org.testng.TestNG.runSuites(TestNG.java:1049)
at org.testng.TestNG.run(TestNG.java:1017)
at com.intellij.rt.testng.IDEARemoteTestNG.run(IDEARemoteTestNG.java:66)
at com.intellij.rt.testng.RemoteTestNGStarter.main(RemoteTestNGStarter.java:109)
]]>
            </full-stacktrace>
          </exception> <!-- java.lang.Throwable -->
          <reporter-output>
          </reporter-output>
        </test-method> <!-- test027_refundCoupon -->
        <test-method status="SKIP" signature="TC037_H5DistributeChannel()[pri:0, instance:EasyPromo.OmniCoupon_DistributeChannelOmni_UseChannelMPM@5d5eef3d]" name="TC037_H5DistributeChannel" duration-ms="0" started-at="2024-05-28T06:35:32Z" depends-on-methods="EasyPromo.OmniCoupon_DistributeChannelOmni_UseChannelMPM.test027_refundCoupon" finished-at="2024-05-28T06:35:32Z">
          <exception class="java.lang.Throwable">
            <message>
              <![CDATA[Method OmniCoupon_DistributeChannelOmni_UseChannelMPM.TC037_H5DistributeChannel()[pri:0, instance:EasyPromo.OmniCoupon_DistributeChannelOmni_UseChannelMPM@5d5eef3d] depends on not successfully finished methods]]>
            </message>
            <full-stacktrace>
              <![CDATA[java.lang.Throwable: Method OmniCoupon_DistributeChannelOmni_UseChannelMPM.TC037_H5DistributeChannel()[pri:0, instance:EasyPromo.OmniCoupon_DistributeChannelOmni_UseChannelMPM@5d5eef3d] depends on not successfully finished methods
at org.testng.internal.Invoker.invokeTestMethods(Invoker.java:888)
at org.testng.internal.TestMethodWorker.invokeTestMethods(TestMethodWorker.java:125)
at org.testng.internal.TestMethodWorker.run(TestMethodWorker.java:109)
at org.testng.TestRunner.privateRun(TestRunner.java:648)
at org.testng.TestRunner.run(TestRunner.java:505)
at org.testng.SuiteRunner.runTest(SuiteRunner.java:455)
at org.testng.SuiteRunner.runSequentially(SuiteRunner.java:450)
at org.testng.SuiteRunner.privateRun(SuiteRunner.java:415)
at org.testng.SuiteRunner.run(SuiteRunner.java:364)
at org.testng.SuiteRunnerWorker.runSuite(SuiteRunnerWorker.java:52)
at org.testng.SuiteRunnerWorker.run(SuiteRunnerWorker.java:84)
at org.testng.TestNG.runSuitesSequentially(TestNG.java:1208)
at org.testng.TestNG.runSuitesLocally(TestNG.java:1137)
at org.testng.TestNG.runSuites(TestNG.java:1049)
at org.testng.TestNG.run(TestNG.java:1017)
at com.intellij.rt.testng.IDEARemoteTestNG.run(IDEARemoteTestNG.java:66)
at com.intellij.rt.testng.RemoteTestNGStarter.main(RemoteTestNGStarter.java:109)
]]>
            </full-stacktrace>
          </exception> <!-- java.lang.Throwable -->
          <reporter-output>
          </reporter-output>
        </test-method> <!-- TC037_H5DistributeChannel -->
        <test-method status="SKIP" signature="test041_DCNQueryUserCoupon()[pri:0, instance:EasyPromo.OmniCoupon_DistributeChannelOmni_UseChannelMPM@5d5eef3d]" name="test041_DCNQueryUserCoupon" duration-ms="0" started-at="2024-05-28T06:35:32Z" depends-on-methods="EasyPromo.OmniCoupon_DistributeChannelOmni_UseChannelMPM.test027_refundCoupon" finished-at="2024-05-28T06:35:32Z">
          <exception class="java.lang.Throwable">
            <message>
              <![CDATA[Method OmniCoupon_DistributeChannelOmni_UseChannelMPM.test041_DCNQueryUserCoupon()[pri:0, instance:EasyPromo.OmniCoupon_DistributeChannelOmni_UseChannelMPM@5d5eef3d] depends on not successfully finished methods]]>
            </message>
            <full-stacktrace>
              <![CDATA[java.lang.Throwable: Method OmniCoupon_DistributeChannelOmni_UseChannelMPM.test041_DCNQueryUserCoupon()[pri:0, instance:EasyPromo.OmniCoupon_DistributeChannelOmni_UseChannelMPM@5d5eef3d] depends on not successfully finished methods
at org.testng.internal.Invoker.invokeTestMethods(Invoker.java:888)
at org.testng.internal.TestMethodWorker.invokeTestMethods(TestMethodWorker.java:125)
at org.testng.internal.TestMethodWorker.run(TestMethodWorker.java:109)
at org.testng.TestRunner.privateRun(TestRunner.java:648)
at org.testng.TestRunner.run(TestRunner.java:505)
at org.testng.SuiteRunner.runTest(SuiteRunner.java:455)
at org.testng.SuiteRunner.runSequentially(SuiteRunner.java:450)
at org.testng.SuiteRunner.privateRun(SuiteRunner.java:415)
at org.testng.SuiteRunner.run(SuiteRunner.java:364)
at org.testng.SuiteRunnerWorker.runSuite(SuiteRunnerWorker.java:52)
at org.testng.SuiteRunnerWorker.run(SuiteRunnerWorker.java:84)
at org.testng.TestNG.runSuitesSequentially(TestNG.java:1208)
at org.testng.TestNG.runSuitesLocally(TestNG.java:1137)
at org.testng.TestNG.runSuites(TestNG.java:1049)
at org.testng.TestNG.run(TestNG.java:1017)
at com.intellij.rt.testng.IDEARemoteTestNG.run(IDEARemoteTestNG.java:66)
at com.intellij.rt.testng.RemoteTestNGStarter.main(RemoteTestNGStarter.java:109)
]]>
            </full-stacktrace>
          </exception> <!-- java.lang.Throwable -->
          <reporter-output>
          </reporter-output>
        </test-method> <!-- test041_DCNQueryUserCoupon -->
        <test-method status="SKIP" signature="test026_redeemCoupon()[pri:0, instance:EasyPromo.OmniCoupon_DistributeChannelOmni_UseChannelMPM@5d5eef3d]" name="test026_redeemCoupon" duration-ms="0" started-at="2024-05-28T06:35:32Z" depends-on-methods="EasyPromo.OmniCoupon_DistributeChannelOmni_UseChannelMPM.test025_promotionDetails_004" finished-at="2024-05-28T06:35:32Z">
          <exception class="java.lang.Throwable">
            <message>
              <![CDATA[Method OmniCoupon_DistributeChannelOmni_UseChannelMPM.test026_redeemCoupon()[pri:0, instance:EasyPromo.OmniCoupon_DistributeChannelOmni_UseChannelMPM@5d5eef3d] depends on not successfully finished methods]]>
            </message>
            <full-stacktrace>
              <![CDATA[java.lang.Throwable: Method OmniCoupon_DistributeChannelOmni_UseChannelMPM.test026_redeemCoupon()[pri:0, instance:EasyPromo.OmniCoupon_DistributeChannelOmni_UseChannelMPM@5d5eef3d] depends on not successfully finished methods
at org.testng.internal.Invoker.invokeTestMethods(Invoker.java:888)
at org.testng.internal.TestMethodWorker.invokeTestMethods(TestMethodWorker.java:125)
at org.testng.internal.TestMethodWorker.run(TestMethodWorker.java:109)
at org.testng.TestRunner.privateRun(TestRunner.java:648)
at org.testng.TestRunner.run(TestRunner.java:505)
at org.testng.SuiteRunner.runTest(SuiteRunner.java:455)
at org.testng.SuiteRunner.runSequentially(SuiteRunner.java:450)
at org.testng.SuiteRunner.privateRun(SuiteRunner.java:415)
at org.testng.SuiteRunner.run(SuiteRunner.java:364)
at org.testng.SuiteRunnerWorker.runSuite(SuiteRunnerWorker.java:52)
at org.testng.SuiteRunnerWorker.run(SuiteRunnerWorker.java:84)
at org.testng.TestNG.runSuitesSequentially(TestNG.java:1208)
at org.testng.TestNG.runSuitesLocally(TestNG.java:1137)
at org.testng.TestNG.runSuites(TestNG.java:1049)
at org.testng.TestNG.run(TestNG.java:1017)
at com.intellij.rt.testng.IDEARemoteTestNG.run(IDEARemoteTestNG.java:66)
at com.intellij.rt.testng.RemoteTestNGStarter.main(RemoteTestNGStarter.java:109)
]]>
            </full-stacktrace>
          </exception> <!-- java.lang.Throwable -->
          <reporter-output>
          </reporter-output>
        </test-method> <!-- test026_redeemCoupon -->
        <test-method status="SKIP" signature="test032_MPMUserAvailableCoupon()[pri:0, instance:EasyPromo.OmniCoupon_DistributeChannelOmni_UseChannelMPM@5d5eef3d]" name="test032_MPMUserAvailableCoupon" duration-ms="0" started-at="2024-05-28T06:35:32Z" depends-on-methods="EasyPromo.OmniCoupon_DistributeChannelOmni_UseChannelMPM.test030_全场券活动关闭" finished-at="2024-05-28T06:35:32Z">
          <exception class="java.lang.Throwable">
            <message>
              <![CDATA[Method OmniCoupon_DistributeChannelOmni_UseChannelMPM.test032_MPMUserAvailableCoupon()[pri:0, instance:EasyPromo.OmniCoupon_DistributeChannelOmni_UseChannelMPM@5d5eef3d] depends on not successfully finished methods]]>
            </message>
            <full-stacktrace>
              <![CDATA[java.lang.Throwable: Method OmniCoupon_DistributeChannelOmni_UseChannelMPM.test032_MPMUserAvailableCoupon()[pri:0, instance:EasyPromo.OmniCoupon_DistributeChannelOmni_UseChannelMPM@5d5eef3d] depends on not successfully finished methods
at org.testng.internal.Invoker.invokeTestMethods(Invoker.java:888)
at org.testng.internal.TestMethodWorker.invokeTestMethods(TestMethodWorker.java:125)
at org.testng.internal.TestMethodWorker.run(TestMethodWorker.java:109)
at org.testng.TestRunner.privateRun(TestRunner.java:648)
at org.testng.TestRunner.run(TestRunner.java:505)
at org.testng.SuiteRunner.runTest(SuiteRunner.java:455)
at org.testng.SuiteRunner.runSequentially(SuiteRunner.java:450)
at org.testng.SuiteRunner.privateRun(SuiteRunner.java:415)
at org.testng.SuiteRunner.run(SuiteRunner.java:364)
at org.testng.SuiteRunnerWorker.runSuite(SuiteRunnerWorker.java:52)
at org.testng.SuiteRunnerWorker.run(SuiteRunnerWorker.java:84)
at org.testng.TestNG.runSuitesSequentially(TestNG.java:1208)
at org.testng.TestNG.runSuitesLocally(TestNG.java:1137)
at org.testng.TestNG.runSuites(TestNG.java:1049)
at org.testng.TestNG.run(TestNG.java:1017)
at com.intellij.rt.testng.IDEARemoteTestNG.run(IDEARemoteTestNG.java:66)
at com.intellij.rt.testng.RemoteTestNGStarter.main(RemoteTestNGStarter.java:109)
]]>
            </full-stacktrace>
          </exception> <!-- java.lang.Throwable -->
          <reporter-output>
          </reporter-output>
        </test-method> <!-- test032_MPMUserAvailableCoupon -->
        <test-method status="SKIP" signature="TC041_promotionInfo()[pri:0, instance:EasyPromo.OmniCoupon_DistributeChannelOmni_UseChannelMPM@5d5eef3d]" name="TC041_promotionInfo" duration-ms="0" started-at="2024-05-28T06:35:32Z" depends-on-methods="EasyPromo.OmniCoupon_DistributeChannelOmni_UseChannelMPM.test030_全场券活动关闭" finished-at="2024-05-28T06:35:32Z">
          <exception class="java.lang.Throwable">
            <message>
              <![CDATA[Method OmniCoupon_DistributeChannelOmni_UseChannelMPM.TC041_promotionInfo()[pri:0, instance:EasyPromo.OmniCoupon_DistributeChannelOmni_UseChannelMPM@5d5eef3d] depends on not successfully finished methods]]>
            </message>
            <full-stacktrace>
              <![CDATA[java.lang.Throwable: Method OmniCoupon_DistributeChannelOmni_UseChannelMPM.TC041_promotionInfo()[pri:0, instance:EasyPromo.OmniCoupon_DistributeChannelOmni_UseChannelMPM@5d5eef3d] depends on not successfully finished methods
at org.testng.internal.Invoker.invokeTestMethods(Invoker.java:888)
at org.testng.internal.TestMethodWorker.invokeTestMethods(TestMethodWorker.java:125)
at org.testng.internal.TestMethodWorker.run(TestMethodWorker.java:109)
at org.testng.TestRunner.privateRun(TestRunner.java:648)
at org.testng.TestRunner.run(TestRunner.java:505)
at org.testng.SuiteRunner.runTest(SuiteRunner.java:455)
at org.testng.SuiteRunner.runSequentially(SuiteRunner.java:450)
at org.testng.SuiteRunner.privateRun(SuiteRunner.java:415)
at org.testng.SuiteRunner.run(SuiteRunner.java:364)
at org.testng.SuiteRunnerWorker.runSuite(SuiteRunnerWorker.java:52)
at org.testng.SuiteRunnerWorker.run(SuiteRunnerWorker.java:84)
at org.testng.TestNG.runSuitesSequentially(TestNG.java:1208)
at org.testng.TestNG.runSuitesLocally(TestNG.java:1137)
at org.testng.TestNG.runSuites(TestNG.java:1049)
at org.testng.TestNG.run(TestNG.java:1017)
at com.intellij.rt.testng.IDEARemoteTestNG.run(IDEARemoteTestNG.java:66)
at com.intellij.rt.testng.RemoteTestNGStarter.main(RemoteTestNGStarter.java:109)
]]>
            </full-stacktrace>
          </exception> <!-- java.lang.Throwable -->
          <reporter-output>
          </reporter-output>
        </test-method> <!-- TC041_promotionInfo -->
        <test-method status="SKIP" signature="test043_DCNUserAvailableCoupon()[pri:0, instance:EasyPromo.OmniCoupon_DistributeChannelOmni_UseChannelMPM@5d5eef3d]" name="test043_DCNUserAvailableCoupon" duration-ms="0" started-at="2024-05-28T06:35:32Z" depends-on-methods="EasyPromo.OmniCoupon_DistributeChannelOmni_UseChannelMPM.test030_全场券活动关闭" finished-at="2024-05-28T06:35:32Z">
          <exception class="java.lang.Throwable">
            <message>
              <![CDATA[Method OmniCoupon_DistributeChannelOmni_UseChannelMPM.test043_DCNUserAvailableCoupon()[pri:0, instance:EasyPromo.OmniCoupon_DistributeChannelOmni_UseChannelMPM@5d5eef3d] depends on not successfully finished methods]]>
            </message>
            <full-stacktrace>
              <![CDATA[java.lang.Throwable: Method OmniCoupon_DistributeChannelOmni_UseChannelMPM.test043_DCNUserAvailableCoupon()[pri:0, instance:EasyPromo.OmniCoupon_DistributeChannelOmni_UseChannelMPM@5d5eef3d] depends on not successfully finished methods
at org.testng.internal.Invoker.invokeTestMethods(Invoker.java:888)
at org.testng.internal.TestMethodWorker.invokeTestMethods(TestMethodWorker.java:125)
at org.testng.internal.TestMethodWorker.run(TestMethodWorker.java:109)
at org.testng.TestRunner.privateRun(TestRunner.java:648)
at org.testng.TestRunner.run(TestRunner.java:505)
at org.testng.SuiteRunner.runTest(SuiteRunner.java:455)
at org.testng.SuiteRunner.runSequentially(SuiteRunner.java:450)
at org.testng.SuiteRunner.privateRun(SuiteRunner.java:415)
at org.testng.SuiteRunner.run(SuiteRunner.java:364)
at org.testng.SuiteRunnerWorker.runSuite(SuiteRunnerWorker.java:52)
at org.testng.SuiteRunnerWorker.run(SuiteRunnerWorker.java:84)
at org.testng.TestNG.runSuitesSequentially(TestNG.java:1208)
at org.testng.TestNG.runSuitesLocally(TestNG.java:1137)
at org.testng.TestNG.runSuites(TestNG.java:1049)
at org.testng.TestNG.run(TestNG.java:1017)
at com.intellij.rt.testng.IDEARemoteTestNG.run(IDEARemoteTestNG.java:66)
at com.intellij.rt.testng.RemoteTestNGStarter.main(RemoteTestNGStarter.java:109)
]]>
            </full-stacktrace>
          </exception> <!-- java.lang.Throwable -->
          <reporter-output>
          </reporter-output>
        </test-method> <!-- test043_DCNUserAvailableCoupon -->
        <test-method status="PASS" signature="report()[pri:0, instance:EasyPromo.OmniCoupon_DistributeChannelOmni_UseChannelMPM@5d5eef3d]" name="report" is-config="true" duration-ms="177" started-at="2024-05-28T06:35:32Z" finished-at="2024-05-28T06:35:33Z">
          <reporter-output>
          </reporter-output>
        </test-method> <!-- report -->
        <test-method status="SKIP" signature="test031_loggedUserReceiveCoupon()[pri:0, instance:EasyPromo.OmniCoupon_DistributeChannelOmni_UseChannelMPM@5d5eef3d]" name="test031_loggedUserReceiveCoupon" duration-ms="0" started-at="2024-05-28T06:35:32Z" depends-on-methods="EasyPromo.OmniCoupon_DistributeChannelOmni_UseChannelMPM.test030_全场券活动关闭" finished-at="2024-05-28T06:35:32Z">
          <exception class="java.lang.Throwable">
            <message>
              <![CDATA[Method OmniCoupon_DistributeChannelOmni_UseChannelMPM.test031_loggedUserReceiveCoupon()[pri:0, instance:EasyPromo.OmniCoupon_DistributeChannelOmni_UseChannelMPM@5d5eef3d] depends on not successfully finished methods]]>
            </message>
            <full-stacktrace>
              <![CDATA[java.lang.Throwable: Method OmniCoupon_DistributeChannelOmni_UseChannelMPM.test031_loggedUserReceiveCoupon()[pri:0, instance:EasyPromo.OmniCoupon_DistributeChannelOmni_UseChannelMPM@5d5eef3d] depends on not successfully finished methods
at org.testng.internal.Invoker.invokeTestMethods(Invoker.java:888)
at org.testng.internal.TestMethodWorker.invokeTestMethods(TestMethodWorker.java:125)
at org.testng.internal.TestMethodWorker.run(TestMethodWorker.java:109)
at org.testng.TestRunner.privateRun(TestRunner.java:648)
at org.testng.TestRunner.run(TestRunner.java:505)
at org.testng.SuiteRunner.runTest(SuiteRunner.java:455)
at org.testng.SuiteRunner.runSequentially(SuiteRunner.java:450)
at org.testng.SuiteRunner.privateRun(SuiteRunner.java:415)
at org.testng.SuiteRunner.run(SuiteRunner.java:364)
at org.testng.SuiteRunnerWorker.runSuite(SuiteRunnerWorker.java:52)
at org.testng.SuiteRunnerWorker.run(SuiteRunnerWorker.java:84)
at org.testng.TestNG.runSuitesSequentially(TestNG.java:1208)
at org.testng.TestNG.runSuitesLocally(TestNG.java:1137)
at org.testng.TestNG.runSuites(TestNG.java:1049)
at org.testng.TestNG.run(TestNG.java:1017)
at com.intellij.rt.testng.IDEARemoteTestNG.run(IDEARemoteTestNG.java:66)
at com.intellij.rt.testng.RemoteTestNGStarter.main(RemoteTestNGStarter.java:109)
]]>
            </full-stacktrace>
          </exception> <!-- java.lang.Throwable -->
          <reporter-output>
          </reporter-output>
        </test-method> <!-- test031_loggedUserReceiveCoupon -->
        <test-method status="SKIP" signature="TC038_H5DistributeChannel()[pri:0, instance:EasyPromo.OmniCoupon_DistributeChannelOmni_UseChannelMPM@5d5eef3d]" name="TC038_H5DistributeChannel" duration-ms="0" started-at="2024-05-28T06:35:32Z" depends-on-methods="EasyPromo.OmniCoupon_DistributeChannelOmni_UseChannelMPM.test030_全场券活动关闭" finished-at="2024-05-28T06:35:32Z">
          <exception class="java.lang.Throwable">
            <message>
              <![CDATA[Method OmniCoupon_DistributeChannelOmni_UseChannelMPM.TC038_H5DistributeChannel()[pri:0, instance:EasyPromo.OmniCoupon_DistributeChannelOmni_UseChannelMPM@5d5eef3d] depends on not successfully finished methods]]>
            </message>
            <full-stacktrace>
              <![CDATA[java.lang.Throwable: Method OmniCoupon_DistributeChannelOmni_UseChannelMPM.TC038_H5DistributeChannel()[pri:0, instance:EasyPromo.OmniCoupon_DistributeChannelOmni_UseChannelMPM@5d5eef3d] depends on not successfully finished methods
at org.testng.internal.Invoker.invokeTestMethods(Invoker.java:888)
at org.testng.internal.TestMethodWorker.invokeTestMethods(TestMethodWorker.java:125)
at org.testng.internal.TestMethodWorker.run(TestMethodWorker.java:109)
at org.testng.TestRunner.privateRun(TestRunner.java:648)
at org.testng.TestRunner.run(TestRunner.java:505)
at org.testng.SuiteRunner.runTest(SuiteRunner.java:455)
at org.testng.SuiteRunner.runSequentially(SuiteRunner.java:450)
at org.testng.SuiteRunner.privateRun(SuiteRunner.java:415)
at org.testng.SuiteRunner.run(SuiteRunner.java:364)
at org.testng.SuiteRunnerWorker.runSuite(SuiteRunnerWorker.java:52)
at org.testng.SuiteRunnerWorker.run(SuiteRunnerWorker.java:84)
at org.testng.TestNG.runSuitesSequentially(TestNG.java:1208)
at org.testng.TestNG.runSuitesLocally(TestNG.java:1137)
at org.testng.TestNG.runSuites(TestNG.java:1049)
at org.testng.TestNG.run(TestNG.java:1017)
at com.intellij.rt.testng.IDEARemoteTestNG.run(IDEARemoteTestNG.java:66)
at com.intellij.rt.testng.RemoteTestNGStarter.main(RemoteTestNGStarter.java:109)
]]>
            </full-stacktrace>
          </exception> <!-- java.lang.Throwable -->
          <reporter-output>
          </reporter-output>
        </test-method> <!-- TC038_H5DistributeChannel -->
      </class> <!-- EasyPromo.OmniCoupon_DistributeChannelOmni_UseChannelMPM -->
    </test> <!-- Easy Promotion Regression -->
    <test name="E2E" duration-ms="0" started-at="2024-05-28T06:35:33Z" finished-at="2024-05-28T06:35:33Z">
    </test> <!-- E2E -->
  </suite> <!-- Promotion -->
</testng-results>
